This is pdfTeX, Version 3.1415926-2.3-1.40.12 (MiKTeX 2.9) (preloaded format=pdflatex 2012.1.23)  16 DEC 2012 17:18
entering extended mode
**C:/Users/Troy*Haskin/Desktop/Work/Thesis/DocumentsAndPresentations/Prelim/Report/_Prelim.tex
("C:/Users/Troy Haskin/Desktop/Work/Thesis/DocumentsAndPresentations/Prelim/Report/_Prelim.tex"
LaTeX2e <2011/06/27>
Babel <v3.8m> and hyphenation patterns for english, afrikaans, ancientgreek, arabic, armenian, assamese, basque, bengali
, bokmal, bulgarian, catalan, coptic, croatian, czech, danish, dutch, esperanto, estonian, farsi, finnish, french, galic
ian, german, german-x-2009-06-19, greek, gujarati, hindi, hungarian, icelandic, indonesian, interlingua, irish, italian,
 kannada, kurmanji, lao, latin, latvian, lithuanian, malayalam, marathi, mongolian, mongolianlmc, monogreek, ngerman, ng
erman-x-2009-06-19, nynorsk, oriya, panjabi, pinyin, polish, portuguese, romanian, russian, sanskrit, serbian, slovak, s
lovenian, spanish, swedish, swissgerman, tamil, telugu, turkish, turkmen, ukenglish, ukrainian, uppersorbian, usenglishm
ax, welsh, loaded.
("C:\Users\Troy Haskin\Desktop\Work\Thesis\DocumentsAndPresentations\Prelim\Report\WisconsinThesis.cls"
Document Class: WisconsinThesis 2012/01/09 v0.1 | LaTeX2e Thesis Class for University of Wisconsin-Madison
("C:\Program Files (x86)\MiKTeX 2.9\tex\latex\base\report.cls"
Document Class: report 2007/10/19 v1.4h Standard LaTeX document class
("C:\Program Files (x86)\MiKTeX 2.9\tex\latex\base\size12.clo"
File: size12.clo 2007/10/19 v1.4h Standard LaTeX file (size option)
)
\c@part=\count79
\c@chapter=\count80
\c@section=\count81
\c@subsection=\count82
\c@subsubsection=\count83
\c@paragraph=\count84
\c@subparagraph=\count85
\c@figure=\count86
\c@table=\count87
\abovecaptionskip=\skip41
\belowcaptionskip=\skip42
\bibindent=\dimen102
)
("C:\Program Files (x86)\MiKTeX 2.9\tex\latex\base\fixltx2e.sty"
Package: fixltx2e 2006/09/13 v1.1m fixes to LaTeX
LaTeX Info: Redefining \em on input line 420.
)
("C:\Program Files (x86)\MiKTeX 2.9\tex\latex\tools\array.sty"
Package: array 2008/09/09 v2.4c Tabular extension package (FMi)
\col@sep=\dimen103
\extrarowheight=\dimen104
\NC@list=\toks14
\extratabsurround=\skip43
\backup@length=\skip44
)
("C:\Program Files (x86)\MiKTeX 2.9\tex\latex\graphics\graphicx.sty"
Package: graphicx 1999/02/16 v1.0f Enhanced LaTeX Graphics (DPC,SPQR)

("C:\Program Files (x86)\MiKTeX 2.9\tex\latex\graphics\keyval.sty"
Package: keyval 1999/03/16 v1.13 key=value parser (DPC)
\KV@toks@=\toks15
)
("C:\Program Files (x86)\MiKTeX 2.9\tex\latex\graphics\graphics.sty"
Package: graphics 2009/02/05 v1.0o Standard LaTeX Graphics (DPC,SPQR)

("C:\Program Files (x86)\MiKTeX 2.9\tex\latex\graphics\trig.sty"
Package: trig 1999/03/16 v1.09 sin cos tan (DPC)
)
("C:\Program Files (x86)\MiKTeX 2.9\tex\latex\00miktex\graphics.cfg"
File: graphics.cfg 2007/01/18 v1.5 graphics configuration of teTeX/TeXLive
)
Package graphics Info: Driver file: pdftex.def on input line 91.

("C:\Program Files (x86)\MiKTeX 2.9\tex\latex\pdftex-def\pdftex.def"
File: pdftex.def 2011/05/27 v0.06d Graphics/color for pdfTeX

("C:\Program Files (x86)\MiKTeX 2.9\tex\generic\oberdiek\infwarerr.sty"
Package: infwarerr 2010/04/08 v1.3 Providing info/warning/message (HO)
)
("C:\Program Files (x86)\MiKTeX 2.9\tex\generic\oberdiek\ltxcmds.sty"
Package: ltxcmds 2011/04/18 v1.20 LaTeX kernel commands for general use (HO)
)
\Gread@gobject=\count88
))
\Gin@req@height=\dimen105
\Gin@req@width=\dimen106
)
("C:\Program Files (x86)\MiKTeX 2.9\tex\latex\subfig\subfig.sty"
Package: subfig 2005/06/28 ver: 1.3 subfig package

("C:\Program Files (x86)\MiKTeX 2.9\tex\latex\caption\caption.sty"
Package: caption 2011/11/10 v3.2e Customizing captions (AR)

("C:\Program Files (x86)\MiKTeX 2.9\tex\latex\caption\caption3.sty"
Package: caption3 2011/11/01 v1.4a caption3 kernel (AR)
\captionmargin=\dimen107
\captionmargin@=\dimen108
\captionwidth=\dimen109
\caption@indent=\dimen110
\caption@parindent=\dimen111
\caption@hangindent=\dimen112
)
\c@ContinuedFloat=\count89
)
\c@KVtest=\count90
\sf@farskip=\skip45
\sf@captopadj=\dimen113
\sf@capskip=\skip46
\sf@nearskip=\skip47
\c@subfigure=\count91
\c@subfigure@save=\count92
\c@lofdepth=\count93
\c@subtable=\count94
\c@subtable@save=\count95
\c@lotdepth=\count96
\sf@top=\skip48
\sf@bottom=\skip49
)
("C:\Program Files (x86)\MiKTeX 2.9\tex\latex\xcolor\xcolor.sty"
Package: xcolor 2007/01/21 v2.11 LaTeX color extensions (UK)

("C:\Program Files (x86)\MiKTeX 2.9\tex\latex\00miktex\color.cfg"
File: color.cfg 2007/01/18 v1.5 color configuration of teTeX/TeXLive
)
Package xcolor Info: Package option `usenames' ignored on input line 216.
Package xcolor Info: Driver file: pdftex.def on input line 225.

("C:\Program Files (x86)\MiKTeX 2.9\tex\latex\colortbl\colortbl.sty"
Package: colortbl 2001/02/13 v0.1j Color table columns (DPC)
\everycr=\toks16
\minrowclearance=\skip50
)
\rownum=\count97
Package xcolor Info: Model `cmy' substituted by `cmy0' on input line 1337.
Package xcolor Info: Model `hsb' substituted by `rgb' on input line 1341.
Package xcolor Info: Model `RGB' extended on input line 1353.
Package xcolor Info: Model `HTML' substituted by `rgb' on input line 1355.
Package xcolor Info: Model `Hsb' substituted by `hsb' on input line 1356.
Package xcolor Info: Model `tHsb' substituted by `hsb' on input line 1357.
Package xcolor Info: Model `HSB' substituted by `hsb' on input line 1358.
Package xcolor Info: Model `Gray' substituted by `gray' on input line 1359.
Package xcolor Info: Model `wave' substituted by `hsb' on input line 1360.

("C:\Program Files (x86)\MiKTeX 2.9\tex\latex\graphics\dvipsnam.def"
File: dvipsnam.def 1999/02/16 v3.0i Driver-dependant file (DPC,SPQR)
)
("C:\Program Files (x86)\MiKTeX 2.9\tex\latex\xcolor\svgnam.def"
File: svgnam.def 2007/01/21 v2.11 Predefined colors according to SVG 1.1 (UK)
))
("C:\Program Files (x86)\MiKTeX 2.9\tex\latex\setspace\setspace.sty"
Package: setspace 2011/12/19 v6.7a set line spacing
)
("C:\Program Files (x86)\MiKTeX 2.9\tex\latex\base\ifthen.sty"
Package: ifthen 2001/05/26 v1.1c Standard LaTeX ifthen package (DPC)
)
("C:\Program Files (x86)\MiKTeX 2.9\tex\latex\geometry\geometry.sty"
Package: geometry 2010/09/12 v5.6 Page Geometry

("C:\Program Files (x86)\MiKTeX 2.9\tex\generic\oberdiek\ifpdf.sty"
Package: ifpdf 2011/01/30 v2.3 Provides the ifpdf switch (HO)
Package ifpdf Info: pdfTeX in PDF mode is detected.
)
("C:\Program Files (x86)\MiKTeX 2.9\tex\generic\oberdiek\ifvtex.sty"
Package: ifvtex 2010/03/01 v1.5 Switches for detecting VTeX and its modes (HO)
Package ifvtex Info: VTeX not detected.
)
("C:\Program Files (x86)\MiKTeX 2.9\tex\generic\ifxetex\ifxetex.sty"
Package: ifxetex 2010/09/12 v0.6 Provides ifxetex conditional
)
\Gm@cnth=\count98
\Gm@cntv=\count99
\c@Gm@tempcnt=\count100
\Gm@bindingoffset=\dimen114
\Gm@wd@mp=\dimen115
\Gm@odd@mp=\dimen116
\Gm@even@mp=\dimen117
\Gm@layoutwidth=\dimen118
\Gm@layoutheight=\dimen119
\Gm@layouthoffset=\dimen120
\Gm@layoutvoffset=\dimen121
\Gm@dimlist=\toks17

("C:\Program Files (x86)\MiKTeX 2.9\tex\latex\geometry\geometry.cfg"))
("C:\Program Files (x86)\MiKTeX 2.9\tex\latex\tools\xspace.sty"
Package: xspace 2009/10/20 v1.13 Space after command names (DPC,MH)
)
("C:\Program Files (x86)\MiKTeX 2.9\tex\latex\ams\math\amsmath.sty"
Package: amsmath 2000/07/18 v2.13 AMS math features
\@mathmargin=\skip51

For additional information on amsmath, use the `?' option.
("C:\Program Files (x86)\MiKTeX 2.9\tex\latex\ams\math\amstext.sty"
Package: amstext 2000/06/29 v2.01

("C:\Program Files (x86)\MiKTeX 2.9\tex\latex\ams\math\amsgen.sty"
File: amsgen.sty 1999/11/30 v2.0
\@emptytoks=\toks18
\ex@=\dimen122
))
("C:\Program Files (x86)\MiKTeX 2.9\tex\latex\ams\math\amsbsy.sty"
Package: amsbsy 1999/11/29 v1.2d
\pmbraise@=\dimen123
)
("C:\Program Files (x86)\MiKTeX 2.9\tex\latex\ams\math\amsopn.sty"
Package: amsopn 1999/12/14 v2.01 operator names
)
\inf@bad=\count101
LaTeX Info: Redefining \frac on input line 211.
\uproot@=\count102
\leftroot@=\count103
LaTeX Info: Redefining \overline on input line 307.
\classnum@=\count104
\DOTSCASE@=\count105
LaTeX Info: Redefining \ldots on input line 379.
LaTeX Info: Redefining \dots on input line 382.
LaTeX Info: Redefining \cdots on input line 467.
\Mathstrutbox@=\box26
\strutbox@=\box27
\big@size=\dimen124
LaTeX Font Info:    Redeclaring font encoding OML on input line 567.
LaTeX Font Info:    Redeclaring font encoding OMS on input line 568.
\macc@depth=\count106
\c@MaxMatrixCols=\count107
\dotsspace@=\muskip10
\c@parentequation=\count108
\dspbrk@lvl=\count109
\tag@help=\toks19
\row@=\count110
\column@=\count111
\maxfields@=\count112
\andhelp@=\toks20
\eqnshift@=\dimen125
\alignsep@=\dimen126
\tagshift@=\dimen127
\tagwidth@=\dimen128
\totwidth@=\dimen129
\lineht@=\dimen130
\@envbody=\toks21
\multlinegap=\skip52
\multlinetaggap=\skip53
\mathdisplay@stack=\toks22
LaTeX Info: Redefining \[ on input line 2666.
LaTeX Info: Redefining \] on input line 2667.
)
("C:\Program Files (x86)\MiKTeX 2.9\tex\latex\amsfonts\amssymb.sty"
Package: amssymb 2009/06/22 v3.00

("C:\Program Files (x86)\MiKTeX 2.9\tex\latex\amsfonts\amsfonts.sty"
Package: amsfonts 2009/06/22 v3.00 Basic AMSFonts support
\symAMSa=\mathgroup4
\symAMSb=\mathgroup5
LaTeX Font Info:    Overwriting math alphabet `\mathfrak' in version `bold'
(Font)                  U/euf/m/n --> U/euf/b/n on input line 96.
))
("C:\Program Files (x86)\MiKTeX 2.9\tex\latex\oberdiek\bookmark.sty"
Package: bookmark 2011/04/21 v1.21 PDF bookmarks (HO)

("C:\Program Files (x86)\MiKTeX 2.9\tex\generic\oberdiek\pdfescape.sty"
Package: pdfescape 2011/04/04 v1.12 Provides string conversions (HO)

("C:\Program Files (x86)\MiKTeX 2.9\tex\generic\oberdiek\pdftexcmds.sty"
Package: pdftexcmds 2011/04/22 v0.16 Utilities of pdfTeX for LuaTeX (HO)

("C:\Program Files (x86)\MiKTeX 2.9\tex\generic\oberdiek\ifluatex.sty"
Package: ifluatex 2010/03/01 v1.3 Provides the ifluatex switch (HO)
Package ifluatex Info: LuaTeX not detected.
)
Package pdftexcmds Info: LuaTeX not detected.
Package pdftexcmds Info: \pdf@primitive is available.
Package pdftexcmds Info: \pdf@ifprimitive is available.
Package pdftexcmds Info: \pdfdraftmode found.
))
("C:\Program Files (x86)\MiKTeX 2.9\tex\latex\hyperref\hyperref.sty"
Package: hyperref 2011/12/04 v6.82m Hypertext links for LaTeX

("C:\Program Files (x86)\MiKTeX 2.9\tex\generic\oberdiek\hobsub-hyperref.sty"
Package: hobsub-hyperref 2011/04/23 v1.4 Bundle oberdiek, subset hyperref (HO)

("C:\Program Files (x86)\MiKTeX 2.9\tex\generic\oberdiek\hobsub-generic.sty"
Package: hobsub-generic 2011/04/23 v1.4 Bundle oberdiek, subset generic (HO)
Package: hobsub 2011/04/23 v1.4 Subsetting bundle oberdiek (HO)
Package hobsub Info: Skipping package `infwarerr' (already loaded).
Package hobsub Info: Skipping package `ltxcmds' (already loaded).
Package hobsub Info: Skipping package `ifluatex' (already loaded).
Package hobsub Info: Skipping package `ifvtex' (already loaded).
Package: intcalc 2007/09/27 v1.1 Expandable integer calculations (HO)
Package hobsub Info: Skipping package `ifpdf' (already loaded).
Package: etexcmds 2011/02/16 v1.5 Prefix for e-TeX command names (HO)
Package etexcmds Info: Could not find \expanded.
(etexcmds)             That can mean that you are not using pdfTeX 1.50 or
(etexcmds)             that some package has redefined \expanded.
(etexcmds)             In the latter case, load this package earlier.
Package: kvsetkeys 2011/04/07 v1.13 Key value parser (HO)
Package: kvdefinekeys 2011/04/07 v1.3 Defining keys (HO)
Package hobsub Info: Skipping package `pdftexcmds' (already loaded).
Package hobsub Info: Skipping package `pdfescape' (already loaded).
Package: bigintcalc 2011/01/30 v1.2 Expandable big integer calculations (HO)
Package: bitset 2011/01/30 v1.1 Data type bit set (HO)
Package: uniquecounter 2011/01/30 v1.2 Provides unlimited unique counter (HO)
)
Package hobsub Info: Skipping package `hobsub' (already loaded).
Package: letltxmacro 2010/09/02 v1.4 Let assignment for LaTeX macros (HO)
Package: hopatch 2011/01/30 v1.0 Wrapper for package hooks (HO)
Package: xcolor-patch 2011/01/30 xcolor patch
Package: atveryend 2011/04/23 v1.7 Hooks at very end of document (HO)
Package: atbegshi 2011/01/30 v1.15 At begin shipout hook (HO)
Package: refcount 2010/12/01 v3.2 Data extraction from references (HO)
Package: hycolor 2011/01/30 v1.7 Color options of hyperref/bookmark (HO)
)
("C:\Program Files (x86)\MiKTeX 2.9\tex\latex\oberdiek\kvoptions.sty"
Package: kvoptions 2010/12/23 v3.10 Keyval support for LaTeX options (HO)
)
\@linkdim=\dimen131
\Hy@linkcounter=\count113
\Hy@pagecounter=\count114

("C:\Program Files (x86)\MiKTeX 2.9\tex\latex\hyperref\pd1enc.def"
File: pd1enc.def 2011/12/04 v6.82m Hyperref: PDFDocEncoding definition (HO)
)
\Hy@SavedSpaceFactor=\count115

("C:\Program Files (x86)\MiKTeX 2.9\tex\latex\00miktex\hyperref.cfg"
File: hyperref.cfg 2002/06/06 v1.2 hyperref configuration of TeXLive
)
Package hyperref Info: Hyper figures OFF on input line 4046.
Package hyperref Info: Link nesting OFF on input line 4051.
Package hyperref Info: Hyper index ON on input line 4054.
Package hyperref Info: Plain pages OFF on input line 4061.
Package hyperref Info: Backreferencing OFF on input line 4066.
Package hyperref Info: Implicit mode ON; LaTeX internals redefined.
Package hyperref Info: Bookmarks ON on input line 4284.
\c@Hy@tempcnt=\count116

("C:\Program Files (x86)\MiKTeX 2.9\tex\latex\ltxmisc\url.sty"
\Urlmuskip=\muskip11
Package: url 2006/04/12  ver 3.3  Verb mode for urls, etc.
)
LaTeX Info: Redefining \url on input line 4637.
\Fld@menulength=\count117
\Field@Width=\dimen132
\Fld@charsize=\dimen133
Package hyperref Info: Hyper figures OFF on input line 5757.
Package hyperref Info: Link nesting OFF on input line 5762.
Package hyperref Info: Hyper index ON on input line 5765.
Package hyperref Info: backreferencing OFF on input line 5772.
Package hyperref Info: Link coloring OFF on input line 5777.
Package hyperref Info: Link coloring with OCG OFF on input line 5782.
Package hyperref Info: PDF/A mode OFF on input line 5787.
LaTeX Info: Redefining \ref on input line 5827.
LaTeX Info: Redefining \pageref on input line 5831.
\Hy@abspage=\count118
\c@Item=\count119
\c@Hfootnote=\count120
)

Package hyperref Message: Driver (autodetected): hpdftex.

("C:\Program Files (x86)\MiKTeX 2.9\tex\latex\hyperref\hpdftex.def"
File: hpdftex.def 2011/12/04 v6.82m Hyperref driver for pdfTeX
\Fld@listcount=\count121
\c@bookmark@seq@number=\count122

("C:\Program Files (x86)\MiKTeX 2.9\tex\latex\oberdiek\rerunfilecheck.sty"
Package: rerunfilecheck 2011/04/15 v1.7 Rerun checks for auxiliary files (HO)
Package uniquecounter Info: New unique counter `rerunfilecheck' on input line 282.
)
\Hy@SectionHShift=\skip54
)
("C:\Program Files (x86)\MiKTeX 2.9\tex\latex\oberdiek\auxhook.sty"
Package: auxhook 2011/03/04 v1.3 Hooks for auxiliary files (HO)
)
("C:\Program Files (x86)\MiKTeX 2.9\tex\latex\oberdiek\bkm-pdftex.def"
File: bkm-pdftex.def 2011/04/21 v1.21 bookmark driver for pdfTeX (HO)
\BKM@id=\count123
))
("C:\Program Files (x86)\MiKTeX 2.9\tex\latex\cleveref\cleveref.sty"
Package: cleveref 2011/12/24{} v0.18.1{} Intelligent cross-referencing
Package cleveref Info: `hyperref' support loaded on input line 2216.
LaTeX Info: Redefining \cref on input line 2216.
LaTeX Info: Redefining \Cref on input line 2216.
LaTeX Info: Redefining \crefrange on input line 2216.
LaTeX Info: Redefining \Crefrange on input line 2216.
LaTeX Info: Redefining \cpageref on input line 2216.
LaTeX Info: Redefining \Cpageref on input line 2216.
LaTeX Info: Redefining \cpagerefrange on input line 2216.
LaTeX Info: Redefining \Cpagerefrange on input line 2216.
LaTeX Info: Redefining \labelcref on input line 2216.
LaTeX Info: Redefining \labelcpageref on input line 2216.
Package cleveref Info: `subfig' support loaded on input line 2883.
Package cleveref Info: loaded `english' language definitions on input line 6750.
Package cleveref Info: no abbreviation of names on input line 6751.
)
\ChapterHeadVSpaceStart=\skip55
\ChapterHeadVSpaceEnd=\skip56
\ChapterHeadParIndent=\skip57
\ChapterHeadIDTitleSkip=\skip58
LaTeX Info: Redefining \chapter on input line 302.
LaTeX Info: Redefining \section on input line 364.
LaTeX Info: Redefining \subsection on input line 372.
LaTeX Info: Redefining \subsubsection on input line 380.
LaTeX Info: Redefining \paragraph on input line 388.
LaTeX Info: Redefining \subparagraph on input line 396.
\c@appendix=\count124
Package hyperref Info: Option `colorlinks' set `true' on input line 515.
Package hyperref Info: Option `pdfdisplaydoctitle' set `true' on input line 515.
Package hyperref Info: Option `plainpages' set `false' on input line 515.
Package hyperref Info: Option `hypertexnames' set `true' on input line 515.
Package hyperref Info: Option `bookmarksopen' set `true' on input line 515.
Package hyperref Info: Option `unicode' set `true' on input line 515.

("C:\Program Files (x86)\MiKTeX 2.9\tex\latex\hyperref\puenc.def"
File: puenc.def 2011/12/04 v6.82m Hyperref: PDF Unicode definition (HO)
)
("C:\Users\Troy Haskin\Desktop\Work\Thesis\DocumentsAndPresentations\Prelim\Report\UWMad.PDFMetaData.aux")
\c@CommitteeMemberCount=\count125
\c@FrontMatterCount=\count126
\c@ForLoopCounter=\count127
\c@ArrayWorkCounter=\count128
\WidestSymbol=\skip59
\WidestSymbolTest=\skip60
\NomenclatureTitleSkip=\skip61
\NomenclaturePrintSkip=\skip62
\SymbolWidth=\skip63
\DescriptionWidth=\skip64
\EntryLeftPad=\skip65
\c@SubNomenclatureCounter=\count129
)
("C:\Program Files (x86)\MiKTeX 2.9\tex\latex\import\import.sty"
Package: import 2009/03/23  v 5.1
)
("C:\Program Files (x86)\MiKTeX 2.9\tex\latex\mh\mathtools.sty"
Package: mathtools 2011/04/06 v1.11 mathematical typesetting tools

("C:\Program Files (x86)\MiKTeX 2.9\tex\latex\tools\calc.sty"
Package: calc 2007/08/22 v4.3 Infix arithmetic (KKT,FJ)
\calc@Acount=\count130
\calc@Bcount=\count131
\calc@Adimen=\dimen134
\calc@Bdimen=\dimen135
\calc@Askip=\skip66
\calc@Bskip=\skip67
LaTeX Info: Redefining \setlength on input line 76.
LaTeX Info: Redefining \addtolength on input line 77.
\calc@Ccount=\count132
\calc@Cskip=\skip68
)
("C:\Program Files (x86)\MiKTeX 2.9\tex\latex\mh\mhsetup.sty"
Package: mhsetup 2010/01/21 v1.2a programming setup (MH)
)
\g_MT_multlinerow_int=\count133
\l_MT_multwidth_dim=\dimen136
\origjot=\skip69
\l_MT_shortvdotswithinadjustabove_dim=\dimen137
\l_MT_shortvdotswithinadjustbelow_dim=\dimen138
)
("C:\Program Files (x86)\MiKTeX 2.9\tex\latex\booktabs\booktabs.sty"
Package: booktabs 2005/04/14 v1.61803 publication quality tables
\heavyrulewidth=\dimen139
\lightrulewidth=\dimen140
\cmidrulewidth=\dimen141
\belowrulesep=\dimen142
\belowbottomsep=\dimen143
\aboverulesep=\dimen144
\abovetopsep=\dimen145
\cmidrulesep=\dimen146
\cmidrulekern=\dimen147
\defaultaddspace=\dimen148
\@cmidla=\count134
\@cmidlb=\count135
\@aboverulesep=\dimen149
\@belowrulesep=\dimen150
\@thisruleclass=\count136
\@lastruleclass=\count137
\@thisrulewidth=\dimen151
)
("C:\Program Files (x86)\MiKTeX 2.9\tex\latex\algorithm2e\algorithm2e.sty"
Package: algorithm2e 2008/00/00 v3.10 algorithms environments
\c@AlgoLine=\count138

("C:\Program Files (x86)\MiKTeX 2.9\tex\latex\ltxmisc\relsize.sty"
Package: relsize 2003/07/04 ver 3.1
)
********************************************************
Package `algorithm2e' Release 4.01 -- december 14 2009 --
- algorithm2e-announce@lirmm.fr mailing list for announcement about releases
- algorithm2e-discussion@lirmm.fr mailing list for discussion about package
subscribe by emailing sympa@lirmm.fr with 'subscribe <list> <firstname name>'
- Author: Christophe Fiorio (fiorio@lirmm.fr)
********************************************************
\skiptotal=\skip70
\skiplinenumber=\skip71
\skiprule=\skip72
\skiphlne=\skip73
\skiptext=\skip74
\skiplength=\skip75
\algomargin=\skip76
\skipalgocfslide=\skip77
\algowidth=\dimen152
\inoutsize=\dimen153
\inoutline=\dimen154
\interspacetitleruled=\dimen155
\interspacealgoruled=\dimen156
\interspacetitleboxruled=\dimen157
\algocf@inoutbox=\box28
\algocf@inputbox=\box29
\AlCapSkip=\skip78
\AlCapHSkip=\skip79
\algocf@nlbox=\box30
\algocf@hangingbox=\box31
\algocf@capbox=\box32
\algoheightruledefault=\skip80
\algoheightrule=\skip81
\algotitleheightruledefault=\skip82
\algotitleheightrule=\skip83
\c@algocfline=\count139
\c@algocfproc=\count140
\c@algocf=\count141
\algocf@algoframe=\box33
\algocf@algobox=\box34
) ("C:\Program Files (x86)\MiKTeX 2.9\tex\latex\environ\environ.sty"
Package: environ 2008/06/18 v0.2 A new way to define environments
)
("C:\Program Files (x86)\MiKTeX 2.9\tex\latex\esint\esint.sty"
Package: esint 
\symlargesymbolsA=\mathgroup6
)
("C:\Program Files (x86)\MiKTeX 2.9\tex\latex\multirow\multirow.sty"
\bigstrutjot=\dimen158
)
("C:\Users\Troy Haskin\Desktop\Work\Thesis\DocumentsAndPresentations\Prelim\Report\HelperCommands.tex"
\RowSkip=\skip84
LaTeX Info: Redefining \TH on input line 192.
\BarredLetterHeight=\skip85
\BarredLetterWidth=\skip86
)
("C:\Users\Troy Haskin\Desktop\Work\Thesis\DocumentsAndPresentations\Prelim\Report\_Prelim.aux")
LaTeX Font Info:    Checking defaults for OML/cmm/m/it on input line 21.
LaTeX Font Info:    ... okay on input line 21.
LaTeX Font Info:    Checking defaults for T1/cmr/m/n on input line 21.
LaTeX Font Info:    ... okay on input line 21.
LaTeX Font Info:    Checking defaults for OT1/cmr/m/n on input line 21.
LaTeX Font Info:    ... okay on input line 21.
LaTeX Font Info:    Checking defaults for OMS/cmsy/m/n on input line 21.
LaTeX Font Info:    ... okay on input line 21.
LaTeX Font Info:    Checking defaults for OMX/cmex/m/n on input line 21.
LaTeX Font Info:    ... okay on input line 21.
LaTeX Font Info:    Checking defaults for U/cmr/m/n on input line 21.
LaTeX Font Info:    ... okay on input line 21.
LaTeX Font Info:    Checking defaults for PD1/pdf/m/n on input line 21.
LaTeX Font Info:    ... okay on input line 21.
LaTeX Font Info:    Checking defaults for PU/pdf/m/n on input line 21.
LaTeX Font Info:    ... okay on input line 21.

("C:\Program Files (x86)\MiKTeX 2.9\tex\context\base\supp-pdf.mkii"
[Loading MPS to PDF converter (version 2006.09.02).]
\scratchcounter=\count142
\scratchdimen=\dimen159
\scratchbox=\box35
\nofMPsegments=\count143
\nofMParguments=\count144
\everyMPshowfont=\toks23
\MPscratchCnt=\count145
\MPscratchDim=\dimen160
\MPnumerator=\count146
\makeMPintoPDFobject=\count147
\everyMPtoPDFconversion=\toks24
)
Package caption Info: Begin \AtBeginDocument code.
Package caption Info: subfig package v1.3 is loaded.
Package caption Info: hyperref package is loaded.
Package caption Info: End \AtBeginDocument code.

*geometry* driver: auto-detecting
*geometry* detected driver: pdftex
*geometry* verbose mode - [ preamble ] result:
* driver: pdftex
* paper: letterpaper
* layout: <same size as paper>
* layoutoffset:(h,v)=(0.0pt,0.0pt)
* modes: includehead 
* h-part:(L,W,R)=(72.26999pt, 469.75502pt, 72.26999pt)
* v-part:(T,H,B)=(72.26999pt, 650.43001pt, 72.26999pt)
* \paperwidth=614.295pt
* \paperheight=794.96999pt
* \textwidth=469.75502pt
* \textheight=613.43001pt
* \oddsidemargin=0.0pt
* \evensidemargin=0.0pt
* \topmargin=0.0pt
* \headheight=12.0pt
* \headsep=15.0pt
* \topskip=12.0pt
* \footskip=30.0pt
* \marginparwidth=44.0pt
* \marginparsep=10.0pt
* \columnsep=10.0pt
* \skip\footins=10.8pt plus 4.0pt minus 2.0pt
* \hoffset=0.0pt
* \voffset=0.0pt
* \mag=1000
* \@twocolumnfalse
* \@twosidefalse
* \@mparswitchfalse
* \@reversemarginfalse
* (1in=72.27pt=25.4mm, 1cm=28.453pt)

\AtBeginShipoutBox=\box36
Package hyperref Info: Link coloring ON on input line 21.
("C:\Program Files (x86)\MiKTeX 2.9\tex\latex\hyperref\nameref.sty"
Package: nameref 2010/04/30 v2.40 Cross-referencing by name of section

("C:\Program Files (x86)\MiKTeX 2.9\tex\generic\oberdiek\gettitlestring.sty"
Package: gettitlestring 2010/12/03 v1.4 Cleanup title references (HO)
)
\c@section@level=\count148
)
LaTeX Info: Redefining \ref on input line 21.
LaTeX Info: Redefining \pageref on input line 21.
LaTeX Info: Redefining \nameref on input line 21.
 [1

{C:/Users/Troy Haskin/AppData/Local/MiKTeX/2.9/pdftex/config/pdftex.map}]
("C:\Users\Troy Haskin\Desktop\Work\Thesis\DocumentsAndPresentations\Prelim\Report\_Prelim.toc"
LaTeX Font Info:    Try loading font information for U+msa on input line 6.

("C:\Program Files (x86)\MiKTeX 2.9\tex\latex\amsfonts\umsa.fd"
File: umsa.fd 2009/06/22 v3.00 AMS symbols A
)
LaTeX Font Info:    Try loading font information for U+msb on input line 6.

("C:\Program Files (x86)\MiKTeX 2.9\tex\latex\amsfonts\umsb.fd"
File: umsb.fd 2009/06/22 v3.00 AMS symbols B
)
LaTeX Font Info:    Try loading font information for U+esint on input line 6.

("C:\Program Files (x86)\MiKTeX 2.9\tex\latex\esint\uesint.fd"
File: uesint.fd 
) [2



])
\tf@toc=\write3
 [3]
("C:\Users\Troy Haskin\Desktop\Work\Thesis\DocumentsAndPresentations\Prelim\Report\_Prelim.lof")
\tf@lof=\write4
 [4


]
("C:\Users\Troy Haskin\Desktop\Work\Thesis\DocumentsAndPresentations\Prelim\Report\_Prelim.lot")
\tf@lot=\write5
 [5


]
("C:\Users\Troy Haskin\Desktop\Work\Thesis\DocumentsAndPresentations\Prelim\Report\Nomenclature.tex"
\c@NomenclatureSymbolArrayPosition=\count149
\c@NomenclatureSymbolArrayStart=\count150
\c@NomenclatureSymbolArrayEnd=\count151
\c@NomenclatureSymbolArrayCount=\count152
\c@NomenclatureDescriptionArrayPosition=\count153
\c@NomenclatureDescriptionArrayStart=\count154
\c@NomenclatureDescriptionArrayEnd=\count155
\c@NomenclatureDescriptionArrayCount=\count156
\c@SubNomenclatureiSymbolArrayPosition=\count157
\c@SubNomenclatureiSymbolArrayStart=\count158
\c@SubNomenclatureiSymbolArrayEnd=\count159
\c@SubNomenclatureiSymbolArrayCount=\count160
\c@SubNomenclatureiDescriptionArrayPosition=\count161
\c@SubNomenclatureiDescriptionArrayStart=\count162
\c@SubNomenclatureiDescriptionArrayEnd=\count163
\c@SubNomenclatureiDescriptionArrayCount=\count164
\c@ANLAcronymUsage=\count165
\c@HEMAcronymUsage=\count166
\c@IAPWSAcronymUsage=\count167
\c@RCCSAcronymUsage=\count168
\c@NGNPAcronymUsage=\count169
\c@NRCAcronymUsage=\count170
\c@SubNomenclatureiiSymbolArrayPosition=\count171
\c@SubNomenclatureiiSymbolArrayStart=\count172
\c@SubNomenclatureiiSymbolArrayEnd=\count173
\c@SubNomenclatureiiSymbolArrayCount=\count174
\c@SubNomenclatureiiDescriptionArrayPosition=\count175
\c@SubNomenclatureiiDescriptionArrayStart=\count176
\c@SubNomenclatureiiDescriptionArrayEnd=\count177
\c@SubNomenclatureiiDescriptionArrayCount=\count178
\c@SubNomenclatureiiiSymbolArrayPosition=\count179
\c@SubNomenclatureiiiSymbolArrayStart=\count180
\c@SubNomenclatureiiiSymbolArrayEnd=\count181
\c@SubNomenclatureiiiSymbolArrayCount=\count182
\c@SubNomenclatureiiiDescriptionArrayPosition=\count183
\c@SubNomenclatureiiiDescriptionArrayStart=\count184
\c@SubNomenclatureiiiDescriptionArrayEnd=\count185
\c@SubNomenclatureiiiDescriptionArrayCount=\count186
 [6


]
\c@SubNomenclatureivSymbolArrayPosition=\count187
\c@SubNomenclatureivSymbolArrayStart=\count188
\c@SubNomenclatureivSymbolArrayEnd=\count189
\c@SubNomenclatureivSymbolArrayCount=\count190
\c@SubNomenclatureivDescriptionArrayPosition=\count191
\c@SubNomenclatureivDescriptionArrayStart=\count192
\c@SubNomenclatureivDescriptionArrayEnd=\count193
\c@SubNomenclatureivDescriptionArrayCount=\count194
)
Class WisconsinThesis Message: Loaded Chapter-Introduction/Chapter-Introduction.

("C:\Users\Troy Haskin\Desktop\Work\Thesis\DocumentsAndPresentations\Prelim\Report\Chapter-Introduction/Chapter-Introduc
tion.tex" [7]
Chapter 1.
Class WisconsinThesis Message: Loaded Chapter-Introduction/Section2-ReactorCavityCoolingSystem.

("C:\Users\Troy Haskin\Desktop\Work\Thesis\DocumentsAndPresentations\Prelim\Report\Chapter-Introduction/Section2-Reactor
CavityCoolingSystem.tex" <./Graphics/RCCSTotalSystem.png, id=150, 280.2105pt x 320.9445pt>
File: ./Graphics/RCCSTotalSystem.png Graphic file (type png)

<use ./Graphics/RCCSTotalSystem.png>
Package pdftex.def Info: ./Graphics/RCCSTotalSystem.png used on input line 16.
(pdftex.def)             Requested size: 336.2509pt x 385.13147pt.
LaTeX Font Info:    Try loading font information for OMS+cmr on input line 27.
 ("C:\Program Files (x86)\MiKTeX 2.9\tex\latex\base\omscmr.fd"
File: omscmr.fd 1999/05/25 v2.5h Standard LaTeX font definitions
)
LaTeX Font Info:    Font shape `OMS/cmr/m/n' in size <12> not available
(Font)              Font shape `OMS/cmsy/m/n' tried instead on input line 27.
 [1

]
<./Graphics/RCCSMockup.png, id=167, 357.335pt x 742.775pt>
File: ./Graphics/RCCSMockup.png Graphic file (type png)
 <use ./Graphics/RCCSMockup.png>
Package pdftex.def Info: ./Graphics/RCCSMockup.png used on input line 36.
(pdftex.def)             Requested size: 260.85237pt x 542.22124pt.
 [2] [3 <C:/Users/Troy Haskin/Desktop/Work/Thesis/DocumentsAndPresentations/Prelim/Report/Graphics/RCCSTotalSystem.png>]
 [4 <C:/Users/Troy Haskin/Desktop/Work/Thesis/DocumentsAndPresentations/Prelim/Report/Graphics/RCCSMockup.png>]
<./Graphics/PowerProfiles_MassFlowRateAnnotationsThesis.png, id=189, 2911.87875pt x 2082.78125pt>
File: ./Graphics/PowerProfiles_MassFlowRateAnnotationsThesis.png Graphic file (type png)

<use ./Graphics/PowerProfiles_MassFlowRateAnnotationsThesis.png>
Package pdftex.def Info: ./Graphics/PowerProfiles_MassFlowRateAnnotationsThesis.png used on input line 58.
(pdftex.def)             Requested size: 422.77664pt x 302.3928pt.

<./Graphics/RCCSExperimentOverview.png, id=190, 576.1525pt x 1047.915pt>
File: ./Graphics/RCCSExperimentOverview.png Graphic file (type png)
 <use ./Graphics/RCCSExperimentOverview.png>
Package pdftex.def Info: ./Graphics/RCCSExperimentOverview.png used on input line 66.
(pdftex.def)             Requested size: 168.62721pt x 306.715pt.

<./Graphics/RCCSExperimentHeatBox.png, id=191, 947.54pt x 403.5075pt>
File: ./Graphics/RCCSExperimentHeatBox.png Graphic file (type png)
 <use ./Graphics/RCCSExperimentHeatBox.png>
Package pdftex.def Info: ./Graphics/RCCSExperimentHeatBox.png used on input line 73.
(pdftex.def)             Requested size: 375.80544pt x 160.03328pt.

[5] [6 <C:/Users/Troy Haskin/Desktop/Work/Thesis/DocumentsAndPresentations/Prelim/Report/Graphics/PowerProfiles_MassFlow
RateAnnotationsThesis.png (PNG copy)>] [7 <C:/Users/Troy Haskin/Desktop/Work/Thesis/DocumentsAndPresentations/Prelim/Rep
ort/Graphics/RCCSExperimentOverview.png> <C:/Users/Troy Haskin/Desktop/Work/Thesis/DocumentsAndPresentations/Prelim/Repo
rt/Graphics/RCCSExperimentHeatBox.png>] <./Graphics/ExperimentMassFlowRateVsTime.png, id=214, 2763.32375pt x 2176.13pt>
File: ./Graphics/ExperimentMassFlowRateVsTime.png Graphic file (type png)

<use ./Graphics/ExperimentMassFlowRateVsTime.png>
Package pdftex.def Info: ./Graphics/ExperimentMassFlowRateVsTime.png used on input line 96.
(pdftex.def)             Requested size: 352.31625pt x 277.42801pt.

<./Graphics/RCCSExperimentRiserPlotAid.png, id=215, 444.2196pt x 685.1196pt>
File: ./Graphics/RCCSExperimentRiserPlotAid.png Graphic file (type png)

<use ./Graphics/RCCSExperimentRiserPlotAid.png>
Package pdftex.def Info: ./Graphics/RCCSExperimentRiserPlotAid.png used on input line 101.
(pdftex.def)             Requested size: 139.21141pt x 214.70424pt.
) [8] [9 <C:/Users/Troy Haskin/Desktop/Work/Thesis/DocumentsAndPresentations/Prelim/Report/Graphics/ExperimentMassFlowRa
teVsTime.png (PNG copy)> <C:/Users/Troy Haskin/Desktop/Work/Thesis/DocumentsAndPresentations/Prelim/Report/Graphics/RCCS
ExperimentRiserPlotAid.png>]
Class WisconsinThesis Message: Loaded Chapter-Introduction/Section3-Literature.

("C:\Users\Troy Haskin\Desktop\Work\Thesis\DocumentsAndPresentations\Prelim\Report\Chapter-Introduction/Section3-Literat
ure.tex"
Class WisconsinThesis Message: Loaded Chapter-Introduction/Section3-Literature_Subsection1-InstabilityOverview.

("C:\Users\Troy Haskin\Desktop\Work\Thesis\DocumentsAndPresentations\Prelim\Report\Chapter-Introduction/Section3-Literat
ure_Subsection1-InstabilityOverview.tex" <./Graphics/NeutralEquilibirum.png, id=235, 722.7pt x 359.3425pt>
File: ./Graphics/NeutralEquilibirum.png Graphic file (type png)

<use ./Graphics/NeutralEquilibirum.png>
Package pdftex.def Info: ./Graphics/NeutralEquilibirum.png used on input line 26.
(pdftex.def)             Requested size: 188.94518pt x 93.95122pt.

Overfull \hbox (112.99911pt too wide) in paragraph at lines 26--26
[] [] 
 []

<./Graphics/NoEquilibirum.png, id=236, 722.7pt x 417.56pt>
File: ./Graphics/NoEquilibirum.png Graphic file (type png)
 <use ./Graphics/NoEquilibirum.png>
Package pdftex.def Info: ./Graphics/NoEquilibirum.png used on input line 31.
(pdftex.def)             Requested size: 162.60048pt x 93.95122pt.

Overfull \hbox (126.17146pt too wide) in paragraph at lines 31--31
[] [] 
 []

<./Graphics/Stable.png, id=237, 722.7pt x 358.33875pt>
File: ./Graphics/Stable.png Graphic file (type png)
 <use ./Graphics/Stable.png>
Package pdftex.def Info: ./Graphics/Stable.png used on input line 37.
(pdftex.def)             Requested size: 189.47449pt x 93.95122pt.

Overfull \hbox (112.73445pt too wide) in paragraph at lines 37--37
[] [] 
 []

<./Graphics/Unstable.png, id=238, 722.7pt x 358.33875pt>
File: ./Graphics/Unstable.png Graphic file (type png)
 <use ./Graphics/Unstable.png>
Package pdftex.def Info: ./Graphics/Unstable.png used on input line 42.
(pdftex.def)             Requested size: 189.47449pt x 93.95122pt.

Overfull \hbox (112.73445pt too wide) in paragraph at lines 42--42
[] [] 
 []

<./Graphics/LinearlyUnstableNonlinearlyStable.png, id=239, 722.7pt x 351.3125pt>
File: ./Graphics/LinearlyUnstableNonlinearlyStable.png Graphic file (type png)

<use ./Graphics/LinearlyUnstableNonlinearlyStable.png>
Package pdftex.def Info: ./Graphics/LinearlyUnstableNonlinearlyStable.png used on input line 50.
(pdftex.def)             Requested size: 193.26796pt x 93.95122pt.

Overfull \hbox (110.83772pt too wide) in paragraph at lines 50--50
[] [] 
 []

<./Graphics/LinearlyStableNonlinearlyUnstable.png, id=240, 722.7pt x 360.34625pt>
File: ./Graphics/LinearlyStableNonlinearlyUnstable.png Graphic file (type png)

<use ./Graphics/LinearlyStableNonlinearlyUnstable.png>
Package pdftex.def Info: ./Graphics/LinearlyStableNonlinearlyUnstable.png used on input line 55.
(pdftex.def)             Requested size: 188.41585pt x 93.95122pt.

Overfull \hbox (113.26378pt too wide) in paragraph at lines 55--55
[] [] 
 []

[10] [11] [12 <C:/Users/Troy Haskin/Desktop/Work/Thesis/DocumentsAndPresentations/Prelim/Report/Graphics/NeutralEquilibi
rum.png> <C:/Users/Troy Haskin/Desktop/Work/Thesis/DocumentsAndPresentations/Prelim/Report/Graphics/NoEquilibirum.png> <
C:/Users/Troy Haskin/Desktop/Work/Thesis/DocumentsAndPresentations/Prelim/Report/Graphics/Stable.png> <C:/Users/Troy Has
kin/Desktop/Work/Thesis/DocumentsAndPresentations/Prelim/Report/Graphics/Unstable.png> <C:/Users/Troy Haskin/Desktop/Wor
k/Thesis/DocumentsAndPresentations/Prelim/Report/Graphics/LinearlyUnstableNonlinearlyStable.png> <C:/Users/Troy Haskin/D
esktop/Work/Thesis/DocumentsAndPresentations/Prelim/Report/Graphics/LinearlyStableNonlinearlyUnstable.png>] [13]
[14]) [15] [16] [17]
Class WisconsinThesis Message: Loaded Chapter-Introduction/Section3-Literature_Subsection2-AnalysisEfforts.

("C:\Users\Troy Haskin\Desktop\Work\Thesis\DocumentsAndPresentations\Prelim\Report\Chapter-Introduction/Section3-Literat
ure_Subsection2-AnalysisEfforts.tex" [18] [19] [20])))
Class WisconsinThesis Message: Loaded Chapter-Theory/Chapter-Theory.
("C:\Users\Troy Haskin\Desktop\Work\Thesis\DocumentsAndPresentations\Prelim\Report\Chapter-Theory/Chapter-Theory.tex"
[21]
Chapter 2.
Class WisconsinThesis Message: Loaded Chapter-Theory/Section1-ConservationLaws.

("C:\Users\Troy Haskin\Desktop\Work\Thesis\DocumentsAndPresentations\Prelim\Report\Chapter-Theory/Section1-ConservationL
aws.tex" [22

] [23] [24] [25] [26])
Class WisconsinThesis Message: Loaded Chapter-Theory/Section2-NumericalMethods.

("C:\Users\Troy Haskin\Desktop\Work\Thesis\DocumentsAndPresentations\Prelim\Report\Chapter-Theory/Section2-NumericalMeth
ods.tex" [27] <./Graphics/ComputationalGeometry.png, id=434, 444.2196pt x 685.1196pt>
File: ./Graphics/ComputationalGeometry.png Graphic file (type png)

<use ./Graphics/ComputationalGeometry.png>
Package pdftex.def Info: ./Graphics/ComputationalGeometry.png used on input line 19.
(pdftex.def)             Requested size: 164.00621pt x 252.94499pt.
 [28] [29 <C:/Users/Troy Haskin/Desktop/Work/Thesis/DocumentsAndPresentations/Prelim/Report/Graphics/ComputationalGeomet
ry.png>] [30] [31] [32] [33] [34] [35] [36]
<./Graphics/AcousticSpeedVsMaterialSpeed.png, id=524, 2759.30875pt x 2204.235pt>
File: ./Graphics/AcousticSpeedVsMaterialSpeed.png Graphic file (type png)

<use ./Graphics/AcousticSpeedVsMaterialSpeed.png>
Package pdftex.def Info: ./Graphics/AcousticSpeedVsMaterialSpeed.png used on input line 309.
(pdftex.def)             Requested size: 361.34999pt x 288.6459pt.
)
Class WisconsinThesis Message: Loaded Chapter-Theory/Section3-StabilityAnalysis.

("C:\Users\Troy Haskin\Desktop\Work\Thesis\DocumentsAndPresentations\Prelim\Report\Chapter-Theory/Section3-StabilityAnal
ysis.tex" [37 <C:/Users/Troy Haskin/Desktop/Work/Thesis/DocumentsAndPresentations/Prelim/Report/Graphics/AcousticSpeedVs
MaterialSpeed.png (PNG copy)>] [38] [39] [40]))
Class WisconsinThesis Message: Loaded Chapter-CurrentAndProposedWork/CurrentAndProposedWork.

("C:\Users\Troy Haskin\Desktop\Work\Thesis\DocumentsAndPresentations\Prelim\Report\Chapter-CurrentAndProposedWork/Curren
tAndProposedWork.tex" [41]
Chapter 3.
[42

] <./Graphics/SimpleNatCirc.png, id=584, 175.857pt x 419.6478pt>
File: ./Graphics/SimpleNatCirc.png Graphic file (type png)
 <use ./Graphics/SimpleNatCirc.png>
Package pdftex.def Info: ./Graphics/SimpleNatCirc.png used on input line 37.
(pdftex.def)             Requested size: 105.99802pt x 252.94499pt.
 [43] [44 <C:/Users/Troy Haskin/Desktop/Work/Thesis/DocumentsAndPresentations/Prelim/Report/Graphics/SimpleNatCirc.png>]
)
Class WisconsinThesis Message: Loaded Appendix-Thermodynamics/ThermophysicalProperties.

("C:\Users\Troy Haskin\Desktop\Work\Thesis\DocumentsAndPresentations\Prelim\Report\Appendix-Thermodynamics/Thermophysica
lProperties.tex" [45

]
Appendix A.
[46

] [47] <./Graphics/PressureVsVolume.png, id=627, 2703.09875pt x 2226.3175pt>
File: ./Graphics/PressureVsVolume.png Graphic file (type png)
 <use ./Graphics/PressureVsVolume.png>
Package pdftex.def Info: ./Graphics/PressureVsVolume.png used on input line 86.
(pdftex.def)             Requested size: 432.50464pt x 356.21808pt.

[48] [49 <C:/Users/Troy Haskin/Desktop/Work/Thesis/DocumentsAndPresentations/Prelim/Report/Graphics/PressureVsVolume.png
 (PNG copy)>] [50] <./Graphics/InteEnergyVsDensity.png, id=651, 2682.02pt x 2179.14125pt>
File: ./Graphics/InteEnergyVsDensity.png Graphic file (type png)

<use ./Graphics/InteEnergyVsDensity.png>
Package pdftex.def Info: ./Graphics/InteEnergyVsDensity.png used on input line 160.
(pdftex.def)             Requested size: 429.13197pt x 348.66972pt.
 [51] [52 <C:/Users/Troy Haskin/Desktop/Work/Thesis/DocumentsAndPresentations/Prelim/Report/Graphics/InteEnergyVsDensity
.png (PNG copy)>])
Class WisconsinThesis Message: Loaded Appendix-TotalDerivatives/TotalDerivatives.

("C:\Users\Troy Haskin\Desktop\Work\Thesis\DocumentsAndPresentations\Prelim\Report\Appendix-TotalDerivatives/TotalDeriva
tives.tex" [53

]
Appendix B.
[54

] [55]) [56] ("C:\Users\Troy Haskin\Desktop\Work\Thesis\DocumentsAndPresentations\Prelim\Report\_Prelim.bbl"
Missing character: There is no â in font cmr12!
Missing character: There is no € in font cmr12!
Missing character: There is no “ in font cmr12!
Missing character: There is no â in font cmr12!
Missing character: There is no € in font cmr12!
Missing character: There is no “ in font cmr12!
Missing character: There is no Ã in font cmr12!
Missing character: There is no © in font cmr12!
Missing character: There is no â in font cmr12!
Missing character: There is no € in font cmr12!
Missing character: There is no ™ in font cmr12!
 [57


]
Missing character: There is no Ã in font cmr12!
Missing character: There is no ¡ in font cmr12!
Missing character: There is no Ã in font cmr12!
Missing character: There is no ¤ in font cmr12!

[58]
Missing character: There is no â in font cmr12!
Missing character: There is no € in font cmr12!
Missing character: There is no “ in font cmr12!
Missing character: There is no â in font cmr12!
Missing character: There is no € in font cmr12!
Missing character: There is no “ in font cmr12!
 [59] [60]
Missing character: There is no â in font cmr12!
Missing character: There is no € in font cmr12!
Missing character: There is no “ in font cmr12!
)
\HyperSetupWrite=\write6
Package atveryend Info: Empty hook `BeforeClearDocument' on input line 68.
 [61]
Package atveryend Info: Empty hook `AfterLastShipout' on input line 68.
 ("C:\Users\Troy Haskin\Desktop\Work\Thesis\DocumentsAndPresentations\Prelim\Report\_Prelim.aux")
Package atveryend Info: Executing hook `AtVeryEndDocument' on input line 68.
Package atveryend Info: Empty hook `AtEndAfterFileList' on input line 68.
 ) 
Here is how much of TeX's memory you used:
 14247 strings out of 494045
 229172 string characters out of 3145951
 362667 words of memory out of 3000000
 17045 multiletter control sequences out of 15000+200000
 18650 words of font info for 71 fonts, out of 3000000 for 9000
 718 hyphenation exceptions out of 8191
 57i,25n,128p,742b,661s stack positions out of 5000i,500n,10000p,200000b,50000s
<C:/Program Files (x86)/MiKTeX 2.9/fonts/type1/public/amsfonts/cm/cmbx10.pfb><C:/Program Files (x86)/MiKTeX 2.9/fonts/
type1/public/amsfonts/cm/cmbx12.pfb><C:/Program Files (x86)/MiKTeX 2.9/fonts/type1/public/amsfonts/cm/cmcsc10.pfb><C:/Pr
ogram Files (x86)/MiKTeX 2.9/fonts/type1/public/amsfonts/cm/cmex10.pfb><C:/Program Files (x86)/MiKTeX 2.9/fonts/type1/pu
blic/amsfonts/cm/cmmi10.pfb><C:/Program Files (x86)/MiKTeX 2.9/fonts/type1/public/amsfonts/cm/cmmi12.pfb><C:/Program Fil
es (x86)/MiKTeX 2.9/fonts/type1/public/amsfonts/cm/cmmi8.pfb><C:/Program Files (x86)/MiKTeX 2.9/fonts/type1/public/amsfo
nts/cm/cmr10.pfb><C:/Program Files (x86)/MiKTeX 2.9/fonts/type1/public/amsfonts/cm/cmr12.pfb><C:/Program Files (x86)/MiK
TeX 2.9/fonts/type1/public/amsfonts/cm/cmr17.pfb><C:/Program Files (x86)/MiKTeX 2.9/fonts/type1/public/amsfonts/cm/cmr6.
pfb><C:/Program Files (x86)/MiKTeX 2.9/fonts/type1/public/amsfonts/cm/cmr8.pfb><C:/Program Files (x86)/MiKTeX 2.9/fonts/
type1/public/amsfonts/cm/cmsl10.pfb><C:/Program Files (x86)/MiKTeX 2.9/fonts/type1/public/amsfonts/cm/cmsy10.pfb><C:/Pro
gram Files (x86)/MiKTeX 2.9/fonts/type1/public/amsfonts/cm/cmsy8.pfb><C:/Program Files (x86)/MiKTeX 2.9/fonts/type1/publ
ic/amsfonts/cm/cmti12.pfb><C:/Program Files (x86)/MiKTeX 2.9/fonts/type1/public/amsfonts/cm/cmti8.pfb><C:/Program Files 
(x86)/MiKTeX 2.9/fonts/type1/public/amsfonts/cm/cmtt12.pfb><C:/Program Files (x86)/MiKTeX 2.9/fonts/type1/public/esint/e
sint10.pfb><C:/Program Files (x86)/MiKTeX 2.9/fonts/type1/public/amsfonts/symbols/msbm10.pfb>
Output written on _Prelim.pdf (68 pages, 2063029 bytes).
PDF statistics:
 966 PDF objects out of 1000 (max. 8388607)
 239 named destinations out of 1000 (max. 500000)
 347 words of extra memory for PDF output out of 10000 (max. 10000000)

