This is pdfTeX, Version 3.1415926-2.3-1.40.12 (MiKTeX 2.9) (preloaded format=pdflatex 2012.1.23)  28 JAN 2013 12:17
entering extended mode
**C:/Projects/Dissertation/Presentation/_Prelim.tex
(C:/Projects/Dissertation/Presentation/_Prelim.tex
LaTeX2e <2011/06/27>
Babel <v3.8m> and hyphenation patterns for english, afrikaans, ancientgreek, arabic, armenian, assamese, basque, bengali
, bokmal, bulgarian, catalan, coptic, croatian, czech, danish, dutch, esperanto, estonian, farsi, finnish, french, galic
ian, german, german-x-2009-06-19, greek, gujarati, hindi, hungarian, icelandic, indonesian, interlingua, irish, italian,
 kannada, kurmanji, lao, latin, latvian, lithuanian, malayalam, marathi, mongolian, mongolianlmc, monogreek, ngerman, ng
erman-x-2009-06-19, nynorsk, oriya, panjabi, pinyin, polish, portuguese, romanian, russian, sanskrit, serbian, slovak, s
lovenian, spanish, swedish, swissgerman, tamil, telugu, turkish, turkmen, ukenglish, ukrainian, uppersorbian, usenglishm
ax, welsh, loaded.
("C:\Program Files (x86)\MiKTeX 2.9\tex\latex\beamer\base\beamer.cls"
("C:\Program Files (x86)\MiKTeX 2.9\tex\latex\beamer\base\beamerbasercs.sty"
Package: beamerbasercs 2011/09/21 (rcs-revision 42a2c9debdc3)
)
Document Class: beamer 2011/09/12 development version 3.12 A class for typesetting presentations (rcs-revision 70f9d8411
e54)
("C:\Program Files (x86)\MiKTeX 2.9\tex\latex\beamer\base\beamerbasemodes.sty"
Package: beamerbasemodes 2010/05/01 (rcs-revision efa082c6111d)
\beamer@tempbox=\box26
\beamer@tempcount=\count79
\c@beamerpauses=\count80

("C:\Program Files (x86)\MiKTeX 2.9\tex\latex\beamer\base\beamerbasedecode.sty"
Package: beamerbasedecode 2010/05/01 (rcs-revision efa082c6111d)
\beamer@slideinframe=\count81
\beamer@minimum=\count82
)
\beamer@commentbox=\box27
\beamer@modecount=\count83
)
("C:\Program Files (x86)\MiKTeX 2.9\tex\generic\oberdiek\ifpdf.sty"
Package: ifpdf 2011/01/30 v2.3 Provides the ifpdf switch (HO)
Package ifpdf Info: pdfTeX in PDF mode is detected.
)
\headheight=\dimen102
\headdp=\dimen103
\footheight=\dimen104
\sidebarheight=\dimen105
\beamer@tempdim=\dimen106
\beamer@finalheight=\dimen107
\beamer@animht=\dimen108
\beamer@animdp=\dimen109
\beamer@animwd=\dimen110
\beamer@leftmargin=\dimen111
\beamer@rightmargin=\dimen112
\beamer@leftsidebar=\dimen113
\beamer@rightsidebar=\dimen114
\beamer@boxsize=\dimen115
\beamer@vboxoffset=\dimen116
\beamer@descdefault=\dimen117
\beamer@descriptionwidth=\dimen118
\beamer@lastskip=\skip41
\beamer@areabox=\box28
\beamer@animcurrent=\box29
\beamer@animshowbox=\box30
\beamer@sectionbox=\box31
\beamer@logobox=\box32
\beamer@linebox=\box33
\beamer@sectioncount=\count84
\beamer@subsubsectionmax=\count85
\beamer@subsectionmax=\count86
\beamer@sectionmax=\count87
\beamer@totalheads=\count88
\beamer@headcounter=\count89
\beamer@partstartpage=\count90
\beamer@sectionstartpage=\count91
\beamer@subsectionstartpage=\count92
\beamer@animationtempa=\count93
\beamer@animationtempb=\count94
\beamer@xpos=\count95
\beamer@ypos=\count96
\beamer@showpartnumber=\count97
\beamer@currentsubsection=\count98
\beamer@coveringdepth=\count99
\beamer@sectionadjust=\count100
\beamer@tocsectionnumber=\count101

("C:\Program Files (x86)\MiKTeX 2.9\tex\latex\beamer\base\beamerbaseoptions.sty"
Package: beamerbaseoptions 2010/04/27 (rcs-revision 982469101dd6)

("C:\Program Files (x86)\MiKTeX 2.9\tex\latex\graphics\keyval.sty"
Package: keyval 1999/03/16 v1.13 key=value parser (DPC)
\KV@toks@=\toks14
))
\beamer@paperwidth=\skip42
\beamer@paperheight=\skip43

("C:\Program Files (x86)\MiKTeX 2.9\tex\latex\geometry\geometry.sty"
Package: geometry 2010/09/12 v5.6 Page Geometry

("C:\Program Files (x86)\MiKTeX 2.9\tex\generic\oberdiek\ifvtex.sty"
Package: ifvtex 2010/03/01 v1.5 Switches for detecting VTeX and its modes (HO)
Package ifvtex Info: VTeX not detected.
)
("C:\Program Files (x86)\MiKTeX 2.9\tex\generic\ifxetex\ifxetex.sty"
Package: ifxetex 2010/09/12 v0.6 Provides ifxetex conditional
)
\Gm@cnth=\count102
\Gm@cntv=\count103
\c@Gm@tempcnt=\count104
\Gm@bindingoffset=\dimen119
\Gm@wd@mp=\dimen120
\Gm@odd@mp=\dimen121
\Gm@even@mp=\dimen122
\Gm@layoutwidth=\dimen123
\Gm@layoutheight=\dimen124
\Gm@layouthoffset=\dimen125
\Gm@layoutvoffset=\dimen126
\Gm@dimlist=\toks15

("C:\Program Files (x86)\MiKTeX 2.9\tex\latex\geometry\geometry.cfg"))
("C:\Program Files (x86)\MiKTeX 2.9\tex\latex\base\size10.clo"
File: size10.clo 2007/10/19 v1.4h Standard LaTeX file (size option)
)
("C:\Program Files (x86)\MiKTeX 2.9\tex\latex\pgf\basiclayer\pgfcore.sty"
("C:\Program Files (x86)\MiKTeX 2.9\tex\latex\graphics\graphicx.sty"
Package: graphicx 1999/02/16 v1.0f Enhanced LaTeX Graphics (DPC,SPQR)

("C:\Program Files (x86)\MiKTeX 2.9\tex\latex\graphics\graphics.sty"
Package: graphics 2009/02/05 v1.0o Standard LaTeX Graphics (DPC,SPQR)

("C:\Program Files (x86)\MiKTeX 2.9\tex\latex\graphics\trig.sty"
Package: trig 1999/03/16 v1.09 sin cos tan (DPC)
)
("C:\Program Files (x86)\MiKTeX 2.9\tex\latex\00miktex\graphics.cfg"
File: graphics.cfg 2007/01/18 v1.5 graphics configuration of teTeX/TeXLive
)
Package graphics Info: Driver file: pdftex.def on input line 91.

("C:\Program Files (x86)\MiKTeX 2.9\tex\latex\pdftex-def\pdftex.def"
File: pdftex.def 2011/05/27 v0.06d Graphics/color for pdfTeX

("C:\Program Files (x86)\MiKTeX 2.9\tex\generic\oberdiek\infwarerr.sty"
Package: infwarerr 2010/04/08 v1.3 Providing info/warning/message (HO)
)
("C:\Program Files (x86)\MiKTeX 2.9\tex\generic\oberdiek\ltxcmds.sty"
Package: ltxcmds 2011/04/18 v1.20 LaTeX kernel commands for general use (HO)
)
\Gread@gobject=\count105
))
\Gin@req@height=\dimen127
\Gin@req@width=\dimen128
)
("C:\Program Files (x86)\MiKTeX 2.9\tex\latex\pgf\systemlayer\pgfsys.sty"
("C:\Program Files (x86)\MiKTeX 2.9\tex\latex\pgf\utilities\pgfrcs.sty"
("C:\Program Files (x86)\MiKTeX 2.9\tex\generic\pgf\utilities\pgfutil-common.tex"
\pgfutil@everybye=\toks16
)
("C:\Program Files (x86)\MiKTeX 2.9\tex\generic\pgf\utilities\pgfutil-latex.def"
\pgfutil@abb=\box34

("C:\Program Files (x86)\MiKTeX 2.9\tex\latex\ms\everyshi.sty"
Package: everyshi 2001/05/15 v3.00 EveryShipout Package (MS)
))
("C:\Program Files (x86)\MiKTeX 2.9\tex\generic\pgf\utilities\pgfrcs.code.tex"
Package: pgfrcs 2010/10/25 v2.10 (rcs-revision 1.24)
))
("C:\Program Files (x86)\MiKTeX 2.9\tex\generic\pgf\systemlayer\pgfsys.code.tex"
Package: pgfsys 2010/06/30 v2.10 (rcs-revision 1.37)

("C:\Program Files (x86)\MiKTeX 2.9\tex\generic\pgf\utilities\pgfkeys.code.tex"
\pgfkeys@pathtoks=\toks17
\pgfkeys@temptoks=\toks18

("C:\Program Files (x86)\MiKTeX 2.9\tex\generic\pgf\utilities\pgfkeysfiltered.code.tex"
\pgfkeys@tmptoks=\toks19
))
\pgf@x=\dimen129
\pgf@y=\dimen130
\pgf@xa=\dimen131
\pgf@ya=\dimen132
\pgf@xb=\dimen133
\pgf@yb=\dimen134
\pgf@xc=\dimen135
\pgf@yc=\dimen136
\w@pgf@writea=\write3
\r@pgf@reada=\read1
\c@pgf@counta=\count106
\c@pgf@countb=\count107
\c@pgf@countc=\count108
\c@pgf@countd=\count109

("C:\Program Files (x86)\MiKTeX 2.9\tex\generic\pgf\systemlayer\pgf.cfg"
File: pgf.cfg 2008/05/14  (rcs-revision 1.7)
)
Package pgfsys Info: Driver file for pgf: pgfsys-pdftex.def on input line 900.

("C:\Program Files (x86)\MiKTeX 2.9\tex\generic\pgf\systemlayer\pgfsys-pdftex.def"
File: pgfsys-pdftex.def 2009/05/22  (rcs-revision 1.26)

("C:\Program Files (x86)\MiKTeX 2.9\tex\generic\pgf\systemlayer\pgfsys-common-pdf.def"
File: pgfsys-common-pdf.def 2008/05/19  (rcs-revision 1.10)
)))
("C:\Program Files (x86)\MiKTeX 2.9\tex\generic\pgf\systemlayer\pgfsyssoftpath.code.tex"
File: pgfsyssoftpath.code.tex 2008/07/18  (rcs-revision 1.7)
\pgfsyssoftpath@smallbuffer@items=\count110
\pgfsyssoftpath@bigbuffer@items=\count111
)
("C:\Program Files (x86)\MiKTeX 2.9\tex\generic\pgf\systemlayer\pgfsysprotocol.code.tex"
File: pgfsysprotocol.code.tex 2006/10/16  (rcs-revision 1.4)
))
("C:\Program Files (x86)\MiKTeX 2.9\tex\latex\xcolor\xcolor.sty"
Package: xcolor 2007/01/21 v2.11 LaTeX color extensions (UK)

("C:\Program Files (x86)\MiKTeX 2.9\tex\latex\00miktex\color.cfg"
File: color.cfg 2007/01/18 v1.5 color configuration of teTeX/TeXLive
)
Package xcolor Info: Driver file: pdftex.def on input line 225.

("C:\Program Files (x86)\MiKTeX 2.9\tex\latex\colortbl\colortbl.sty"
Package: colortbl 2001/02/13 v0.1j Color table columns (DPC)

("C:\Program Files (x86)\MiKTeX 2.9\tex\latex\tools\array.sty"
Package: array 2008/09/09 v2.4c Tabular extension package (FMi)
\col@sep=\dimen137
\extrarowheight=\dimen138
\NC@list=\toks20
\extratabsurround=\skip44
\backup@length=\skip45
)
\everycr=\toks21
\minrowclearance=\skip46
)
\rownum=\count112
Package xcolor Info: Model `cmy' substituted by `cmy0' on input line 1337.
Package xcolor Info: Model `hsb' substituted by `rgb' on input line 1341.
Package xcolor Info: Model `RGB' extended on input line 1353.
Package xcolor Info: Model `HTML' substituted by `rgb' on input line 1355.
Package xcolor Info: Model `Hsb' substituted by `hsb' on input line 1356.
Package xcolor Info: Model `tHsb' substituted by `hsb' on input line 1357.
Package xcolor Info: Model `HSB' substituted by `hsb' on input line 1358.
Package xcolor Info: Model `Gray' substituted by `gray' on input line 1359.
Package xcolor Info: Model `wave' substituted by `hsb' on input line 1360.
)
("C:\Program Files (x86)\MiKTeX 2.9\tex\generic\pgf\basiclayer\pgfcore.code.tex"
Package: pgfcore 2010/04/11 v2.10 (rcs-revision 1.7)

("C:\Program Files (x86)\MiKTeX 2.9\tex\generic\pgf\math\pgfmath.code.tex"
("C:\Program Files (x86)\MiKTeX 2.9\tex\generic\pgf\math\pgfmathcalc.code.tex"
("C:\Program Files (x86)\MiKTeX 2.9\tex\generic\pgf\math\pgfmathutil.code.tex")
("C:\Program Files (x86)\MiKTeX 2.9\tex\generic\pgf\math\pgfmathparser.code.tex"
\pgfmath@dimen=\dimen139
\pgfmath@count=\count113
\pgfmath@box=\box35
\pgfmath@toks=\toks22
\pgfmath@stack@operand=\toks23
\pgfmath@stack@operation=\toks24
)
("C:\Program Files (x86)\MiKTeX 2.9\tex\generic\pgf\math\pgfmathfunctions.code.tex"
("C:\Program Files (x86)\MiKTeX 2.9\tex\generic\pgf\math\pgfmathfunctions.basic.code.tex")
("C:\Program Files (x86)\MiKTeX 2.9\tex\generic\pgf\math\pgfmathfunctions.trigonometric.code.tex")
("C:\Program Files (x86)\MiKTeX 2.9\tex\generic\pgf\math\pgfmathfunctions.random.code.tex")
("C:\Program Files (x86)\MiKTeX 2.9\tex\generic\pgf\math\pgfmathfunctions.comparison.code.tex")
("C:\Program Files (x86)\MiKTeX 2.9\tex\generic\pgf\math\pgfmathfunctions.base.code.tex")
("C:\Program Files (x86)\MiKTeX 2.9\tex\generic\pgf\math\pgfmathfunctions.round.code.tex")
("C:\Program Files (x86)\MiKTeX 2.9\tex\generic\pgf\math\pgfmathfunctions.misc.code.tex")))
("C:\Program Files (x86)\MiKTeX 2.9\tex\generic\pgf\math\pgfmathfloat.code.tex"
\c@pgfmathroundto@lastzeros=\count114
))
("C:\Program Files (x86)\MiKTeX 2.9\tex\generic\pgf\basiclayer\pgfcorepoints.code.tex"
File: pgfcorepoints.code.tex 2010/04/09  (rcs-revision 1.20)
\pgf@picminx=\dimen140
\pgf@picmaxx=\dimen141
\pgf@picminy=\dimen142
\pgf@picmaxy=\dimen143
\pgf@pathminx=\dimen144
\pgf@pathmaxx=\dimen145
\pgf@pathminy=\dimen146
\pgf@pathmaxy=\dimen147
\pgf@xx=\dimen148
\pgf@xy=\dimen149
\pgf@yx=\dimen150
\pgf@yy=\dimen151
\pgf@zx=\dimen152
\pgf@zy=\dimen153
)
("C:\Program Files (x86)\MiKTeX 2.9\tex\generic\pgf\basiclayer\pgfcorepathconstruct.code.tex"
File: pgfcorepathconstruct.code.tex 2010/08/03  (rcs-revision 1.24)
\pgf@path@lastx=\dimen154
\pgf@path@lasty=\dimen155
)
("C:\Program Files (x86)\MiKTeX 2.9\tex\generic\pgf\basiclayer\pgfcorepathusage.code.tex"
File: pgfcorepathusage.code.tex 2008/04/22  (rcs-revision 1.12)
\pgf@shorten@end@additional=\dimen156
\pgf@shorten@start@additional=\dimen157
)
("C:\Program Files (x86)\MiKTeX 2.9\tex\generic\pgf\basiclayer\pgfcorescopes.code.tex"
File: pgfcorescopes.code.tex 2010/09/08  (rcs-revision 1.34)
\pgfpic=\box36
\pgf@hbox=\box37
\pgf@layerbox@main=\box38
\pgf@picture@serial@count=\count115
)
("C:\Program Files (x86)\MiKTeX 2.9\tex\generic\pgf\basiclayer\pgfcoregraphicstate.code.tex"
File: pgfcoregraphicstate.code.tex 2008/04/22  (rcs-revision 1.9)
\pgflinewidth=\dimen158
)
("C:\Program Files (x86)\MiKTeX 2.9\tex\generic\pgf\basiclayer\pgfcoretransformations.code.tex"
File: pgfcoretransformations.code.tex 2009/06/10  (rcs-revision 1.11)
\pgf@pt@x=\dimen159
\pgf@pt@y=\dimen160
\pgf@pt@temp=\dimen161
)
("C:\Program Files (x86)\MiKTeX 2.9\tex\generic\pgf\basiclayer\pgfcorequick.code.tex"
File: pgfcorequick.code.tex 2008/10/09  (rcs-revision 1.3)
)
("C:\Program Files (x86)\MiKTeX 2.9\tex\generic\pgf\basiclayer\pgfcoreobjects.code.tex"
File: pgfcoreobjects.code.tex 2006/10/11  (rcs-revision 1.2)
)
("C:\Program Files (x86)\MiKTeX 2.9\tex\generic\pgf\basiclayer\pgfcorepathprocessing.code.tex"
File: pgfcorepathprocessing.code.tex 2008/10/09  (rcs-revision 1.8)
)
("C:\Program Files (x86)\MiKTeX 2.9\tex\generic\pgf\basiclayer\pgfcorearrows.code.tex"
File: pgfcorearrows.code.tex 2008/04/23  (rcs-revision 1.11)
)
("C:\Program Files (x86)\MiKTeX 2.9\tex\generic\pgf\basiclayer\pgfcoreshade.code.tex"
File: pgfcoreshade.code.tex 2008/11/23  (rcs-revision 1.13)
\pgf@max=\dimen162
\pgf@sys@shading@range@num=\count116
)
("C:\Program Files (x86)\MiKTeX 2.9\tex\generic\pgf\basiclayer\pgfcoreimage.code.tex"
File: pgfcoreimage.code.tex 2010/03/25  (rcs-revision 1.16)

("C:\Program Files (x86)\MiKTeX 2.9\tex\generic\pgf\basiclayer\pgfcoreexternal.code.tex"
File: pgfcoreexternal.code.tex 2010/09/01  (rcs-revision 1.17)
\pgfexternal@startupbox=\box39
))
("C:\Program Files (x86)\MiKTeX 2.9\tex\generic\pgf\basiclayer\pgfcorelayers.code.tex"
File: pgfcorelayers.code.tex 2010/08/27  (rcs-revision 1.2)
)
("C:\Program Files (x86)\MiKTeX 2.9\tex\generic\pgf\basiclayer\pgfcoretransparency.code.tex"
File: pgfcoretransparency.code.tex 2008/01/17  (rcs-revision 1.2)
)
("C:\Program Files (x86)\MiKTeX 2.9\tex\generic\pgf\basiclayer\pgfcorepatterns.code.tex"
File: pgfcorepatterns.code.tex 2009/07/02  (rcs-revision 1.3)
)))
("C:\Program Files (x86)\MiKTeX 2.9\tex\latex\pgf\utilities\xxcolor.sty"
Package: xxcolor 2003/10/24 ver 0.1
\XC@nummixins=\count117
\XC@countmixins=\count118
)
("C:\Program Files (x86)\MiKTeX 2.9\tex\latex\hyperref\hyperref.sty"
Package: hyperref 2011/12/04 v6.82m Hypertext links for LaTeX

("C:\Program Files (x86)\MiKTeX 2.9\tex\generic\oberdiek\hobsub-hyperref.sty"
Package: hobsub-hyperref 2011/04/23 v1.4 Bundle oberdiek, subset hyperref (HO)

("C:\Program Files (x86)\MiKTeX 2.9\tex\generic\oberdiek\hobsub-generic.sty"
Package: hobsub-generic 2011/04/23 v1.4 Bundle oberdiek, subset generic (HO)
Package: hobsub 2011/04/23 v1.4 Subsetting bundle oberdiek (HO)
Package hobsub Info: Skipping package `infwarerr' (already loaded).
Package hobsub Info: Skipping package `ltxcmds' (already loaded).
Package: ifluatex 2010/03/01 v1.3 Provides the ifluatex switch (HO)
Package ifluatex Info: LuaTeX not detected.
Package hobsub Info: Skipping package `ifvtex' (already loaded).
Package: intcalc 2007/09/27 v1.1 Expandable integer calculations (HO)
Package hobsub Info: Skipping package `ifpdf' (already loaded).
Package: etexcmds 2011/02/16 v1.5 Prefix for e-TeX command names (HO)
Package etexcmds Info: Could not find \expanded.
(etexcmds)             That can mean that you are not using pdfTeX 1.50 or
(etexcmds)             that some package has redefined \expanded.
(etexcmds)             In the latter case, load this package earlier.
Package: kvsetkeys 2011/04/07 v1.13 Key value parser (HO)
Package: kvdefinekeys 2011/04/07 v1.3 Defining keys (HO)
Package: pdftexcmds 2011/04/22 v0.16 Utilities of pdfTeX for LuaTeX (HO)
Package pdftexcmds Info: LuaTeX not detected.
Package pdftexcmds Info: \pdf@primitive is available.
Package pdftexcmds Info: \pdf@ifprimitive is available.
Package pdftexcmds Info: \pdfdraftmode found.
Package: pdfescape 2011/04/04 v1.12 Provides string conversions (HO)
Package: bigintcalc 2011/01/30 v1.2 Expandable big integer calculations (HO)
Package: bitset 2011/01/30 v1.1 Data type bit set (HO)
Package: uniquecounter 2011/01/30 v1.2 Provides unlimited unique counter (HO)
)
Package hobsub Info: Skipping package `hobsub' (already loaded).
Package: letltxmacro 2010/09/02 v1.4 Let assignment for LaTeX macros (HO)
Package: hopatch 2011/01/30 v1.0 Wrapper for package hooks (HO)
Package: xcolor-patch 2011/01/30 xcolor patch
Package: atveryend 2011/04/23 v1.7 Hooks at very end of document (HO)
Package: atbegshi 2011/01/30 v1.15 At begin shipout hook (HO)
Package: refcount 2010/12/01 v3.2 Data extraction from references (HO)
Package: hycolor 2011/01/30 v1.7 Color options of hyperref/bookmark (HO)
)
("C:\Program Files (x86)\MiKTeX 2.9\tex\latex\oberdiek\kvoptions.sty"
Package: kvoptions 2010/12/23 v3.10 Keyval support for LaTeX options (HO)
)
\@linkdim=\dimen163
\Hy@linkcounter=\count119
\Hy@pagecounter=\count120

("C:\Program Files (x86)\MiKTeX 2.9\tex\latex\hyperref\pd1enc.def"
File: pd1enc.def 2011/12/04 v6.82m Hyperref: PDFDocEncoding definition (HO)
)
\Hy@SavedSpaceFactor=\count121

("C:\Program Files (x86)\MiKTeX 2.9\tex\latex\00miktex\hyperref.cfg"
File: hyperref.cfg 2002/06/06 v1.2 hyperref configuration of TeXLive
)
Package hyperref Info: Option `bookmarks' set `true' on input line 3925.
Package hyperref Info: Option `bookmarksopen' set `true' on input line 3925.
Package hyperref Info: Option `implicit' set `false' on input line 3925.
Package hyperref Info: Hyper figures OFF on input line 4046.
Package hyperref Info: Link nesting OFF on input line 4051.
Package hyperref Info: Hyper index ON on input line 4054.
Package hyperref Info: Plain pages OFF on input line 4061.
Package hyperref Info: Backreferencing OFF on input line 4066.
Package hyperref Info: Implicit mode OFF; no redefinition of LaTeX internals.
Package hyperref Info: Bookmarks ON on input line 4284.
\c@Hy@tempcnt=\count122

("C:\Program Files (x86)\MiKTeX 2.9\tex\latex\ltxmisc\url.sty"
\Urlmuskip=\muskip10
Package: url 2006/04/12  ver 3.3  Verb mode for urls, etc.
)
LaTeX Info: Redefining \url on input line 4637.
\Fld@menulength=\count123
\Field@Width=\dimen164
\Fld@charsize=\dimen165
Package hyperref Info: Hyper figures OFF on input line 5757.
Package hyperref Info: Link nesting OFF on input line 5762.
Package hyperref Info: Hyper index ON on input line 5765.
Package hyperref Info: backreferencing OFF on input line 5772.
Package hyperref Info: Link coloring OFF on input line 5777.
Package hyperref Info: Link coloring with OCG OFF on input line 5782.
Package hyperref Info: PDF/A mode OFF on input line 5787.
LaTeX Info: Redefining \ref on input line 5827.
LaTeX Info: Redefining \pageref on input line 5831.
\Hy@abspage=\count124


Package hyperref Message: Stopped early.

)

Package hyperref Message: Driver (autodetected): hpdftex.

("C:\Program Files (x86)\MiKTeX 2.9\tex\latex\hyperref\hpdftex.def"
File: hpdftex.def 2011/12/04 v6.82m Hyperref driver for pdfTeX
\Fld@listcount=\count125
\c@bookmark@seq@number=\count126

("C:\Program Files (x86)\MiKTeX 2.9\tex\latex\oberdiek\rerunfilecheck.sty"
Package: rerunfilecheck 2011/04/15 v1.7 Rerun checks for auxiliary files (HO)
Package uniquecounter Info: New unique counter `rerunfilecheck' on input line 282.
))
("C:\Program Files (x86)\MiKTeX 2.9\tex\latex\beamer\base\beamerbaserequires.sty"
Package: beamerbaserequires 2010/05/01  (rcs-revision efa082c6111d)

("C:\Program Files (x86)\MiKTeX 2.9\tex\latex\beamer\base\beamerbasecompatibility.sty"
Package: beamerbasecompatibility 2010/07/12  (rcs-revision 6648c3177e4e)
)
("C:\Program Files (x86)\MiKTeX 2.9\tex\latex\beamer\base\beamerbasefont.sty"
Package: beamerbasefont 2010/10/26  (rcs-revision f39336aafb3c)

("C:\Program Files (x86)\MiKTeX 2.9\tex\latex\amsfonts\amssymb.sty"
Package: amssymb 2009/06/22 v3.00

("C:\Program Files (x86)\MiKTeX 2.9\tex\latex\amsfonts\amsfonts.sty"
Package: amsfonts 2009/06/22 v3.00 Basic AMSFonts support
\@emptytoks=\toks25
\symAMSa=\mathgroup4
\symAMSb=\mathgroup5
LaTeX Font Info:    Overwriting math alphabet `\mathfrak' in version `bold'
(Font)                  U/euf/m/n --> U/euf/b/n on input line 96.
)))
("C:\Program Files (x86)\MiKTeX 2.9\tex\latex\beamer\base\beamerbasetranslator.sty"
Package: beamerbasetranslator 2010/06/11  (rcs-revision 85fd1cc7fc42)

("C:\Program Files (x86)\MiKTeX 2.9\tex\latex\beamer\base\translator\translator.sty"
Package: translator 2010/06/12 ver 1.10

("C:\Program Files (x86)\MiKTeX 2.9\tex\latex\beamer\base\translator\translator-language-mappings.tex")))
("C:\Program Files (x86)\MiKTeX 2.9\tex\latex\beamer\base\beamerbasemisc.sty"
Package: beamerbasemisc 2010/06/06  (rcs-revision bff0a9294b45)
)
("C:\Program Files (x86)\MiKTeX 2.9\tex\latex\beamer\base\beamerbasetwoscreens.sty"
Package: beamerbasetwoscreens 2010/05/01  (rcs-revision efa082c6111d)
)
("C:\Program Files (x86)\MiKTeX 2.9\tex\latex\beamer\base\beamerbaseoverlay.sty"
Package: beamerbaseoverlay 2011/09/12  (rcs-revision 70f9d8411e54)
\beamer@argscount=\count127
\beamer@lastskipcover=\skip47
\beamer@trivlistdepth=\count128
)
("C:\Program Files (x86)\MiKTeX 2.9\tex\latex\beamer\base\beamerbasetitle.sty"
Package: beamerbasetitle 2010/09/21  (rcs-revision f0446ed0b6ae)
)
("C:\Program Files (x86)\MiKTeX 2.9\tex\latex\beamer\base\beamerbasesection.sty"
Package: beamerbasesection 2010/08/29  (rcs-revision e07e85b4cd4a)
\c@lecture=\count129
\c@part=\count130
\c@section=\count131
\c@subsection=\count132
\c@subsubsection=\count133
)
("C:\Program Files (x86)\MiKTeX 2.9\tex\latex\beamer\base\beamerbaseframe.sty"
Package: beamerbaseframe 2011/09/12  (rcs-revision 70f9d8411e54)
\beamer@framebox=\box40
\beamer@frametitlebox=\box41
\beamer@zoombox=\box42
\beamer@zoomcount=\count134
\beamer@zoomframecount=\count135
\beamer@frametextheight=\dimen166
\c@subsectionslide=\count136
\beamer@frametopskip=\skip48
\beamer@framebottomskip=\skip49
\beamer@frametopskipautobreak=\skip50
\beamer@framebottomskipautobreak=\skip51
\beamer@envbody=\toks26
\c@framenumber=\count137
)
("C:\Program Files (x86)\MiKTeX 2.9\tex\latex\beamer\base\beamerbaseverbatim.sty"
Package: beamerbaseverbatim 2011/09/12  (rcs-revision 70f9d8411e54)
\beamer@verbatimfileout=\write4
)
("C:\Program Files (x86)\MiKTeX 2.9\tex\latex\beamer\base\beamerbaseframesize.sty"
Package: beamerbaseframesize 2011/09/12  (rcs-revision 70f9d8411e54)
\beamer@splitbox=\box43
\beamer@autobreakcount=\count138
\beamer@autobreaklastheight=\dimen167
\beamer@frametitletoks=\toks27
\beamer@framesubtitletoks=\toks28
)
("C:\Program Files (x86)\MiKTeX 2.9\tex\latex\beamer\base\beamerbaseframecomponents.sty"
Package: beamerbaseframecomponents 2011/09/12  (rcs-revision 70f9d8411e54)
\beamer@footins=\box44
)
("C:\Program Files (x86)\MiKTeX 2.9\tex\latex\beamer\base\beamerbasecolor.sty"
Package: beamerbasecolor 2010/06/06  (rcs-revision d1a9b48be06d)
)
("C:\Program Files (x86)\MiKTeX 2.9\tex\latex\beamer\base\beamerbasenotes.sty"
Package: beamerbasenotes 2010/05/01  (rcs-revision efa082c6111d)
\beamer@frameboxcopy=\box45
)
("C:\Program Files (x86)\MiKTeX 2.9\tex\latex\beamer\base\beamerbasetoc.sty"
Package: beamerbasetoc 2010/06/11  (rcs-revision 242ecaa6783b)
)
("C:\Program Files (x86)\MiKTeX 2.9\tex\latex\beamer\base\beamerbasetemplates.sty"
Package: beamerbasetemplates 2010/05/01  (rcs-revision efa082c6111d)
\beamer@sbttoks=\toks29

("C:\Program Files (x86)\MiKTeX 2.9\tex\latex\beamer\base\beamerbaseauxtemplates.sty"
Package: beamerbaseauxtemplates 2010/05/01  (rcs-revision efa082c6111d)

("C:\Program Files (x86)\MiKTeX 2.9\tex\latex\beamer\base\beamerbaseboxes.sty"
Package: beamerbaseboxes 2010/05/01  (rcs-revision efa082c6111d)
\bmb@box=\box46
\bmb@colorbox=\box47
\bmb@boxshadow=\box48
\bmb@boxshadowball=\box49
\bmb@boxshadowballlarge=\box50
\bmb@temp=\dimen168
\bmb@dima=\dimen169
\bmb@dimb=\dimen170
\bmb@prevheight=\dimen171
)
\beamer@blockheadheight=\dimen172
))
("C:\Program Files (x86)\MiKTeX 2.9\tex\latex\beamer\base\beamerbaselocalstructure.sty"
Package: beamerbaselocalstructure 2010/09/19  (rcs-revision 9224c5f3ce70)

("C:\Program Files (x86)\MiKTeX 2.9\tex\latex\tools\enumerate.sty"
Package: enumerate 1999/03/05 v3.00 enumerate extensions (DPC)
\@enLab=\toks30
)
\c@figure=\count139
\c@table=\count140
\abovecaptionskip=\skip52
\belowcaptionskip=\skip53
)
("C:\Program Files (x86)\MiKTeX 2.9\tex\latex\beamer\base\beamerbasenavigation.sty"
Package: beamerbasenavigation 2010/05/01  (rcs-revision efa082c6111d)
)
("C:\Program Files (x86)\MiKTeX 2.9\tex\latex\beamer\base\beamerbasetheorems.sty"
Package: beamerbasetheorems 2010/06/06  (rcs-revision 7e7cc5e53e9d)

("C:\Program Files (x86)\MiKTeX 2.9\tex\latex\ams\math\amsmath.sty"
Package: amsmath 2000/07/18 v2.13 AMS math features
\@mathmargin=\skip54

For additional information on amsmath, use the `?' option.
("C:\Program Files (x86)\MiKTeX 2.9\tex\latex\ams\math\amstext.sty"
Package: amstext 2000/06/29 v2.01

("C:\Program Files (x86)\MiKTeX 2.9\tex\latex\ams\math\amsgen.sty"
File: amsgen.sty 1999/11/30 v2.0
\@emptytoks=\toks31
\ex@=\dimen173
))
("C:\Program Files (x86)\MiKTeX 2.9\tex\latex\ams\math\amsbsy.sty"
Package: amsbsy 1999/11/29 v1.2d
\pmbraise@=\dimen174
)
("C:\Program Files (x86)\MiKTeX 2.9\tex\latex\ams\math\amsopn.sty"
Package: amsopn 1999/12/14 v2.01 operator names
)
\inf@bad=\count141
LaTeX Info: Redefining \frac on input line 211.
\uproot@=\count142
\leftroot@=\count143
LaTeX Info: Redefining \overline on input line 307.
\classnum@=\count144
\DOTSCASE@=\count145
LaTeX Info: Redefining \ldots on input line 379.
LaTeX Info: Redefining \dots on input line 382.
LaTeX Info: Redefining \cdots on input line 467.
\Mathstrutbox@=\box51
\strutbox@=\box52
\big@size=\dimen175
LaTeX Font Info:    Redeclaring font encoding OML on input line 567.
LaTeX Font Info:    Redeclaring font encoding OMS on input line 568.
\macc@depth=\count146
\c@MaxMatrixCols=\count147
\dotsspace@=\muskip11
\c@parentequation=\count148
\dspbrk@lvl=\count149
\tag@help=\toks32
\row@=\count150
\column@=\count151
\maxfields@=\count152
\andhelp@=\toks33
\eqnshift@=\dimen176
\alignsep@=\dimen177
\tagshift@=\dimen178
\tagwidth@=\dimen179
\totwidth@=\dimen180
\lineht@=\dimen181
\@envbody=\toks34
\multlinegap=\skip55
\multlinetaggap=\skip56
\mathdisplay@stack=\toks35
LaTeX Info: Redefining \[ on input line 2666.
LaTeX Info: Redefining \] on input line 2667.
)
("C:\Program Files (x86)\MiKTeX 2.9\tex\latex\ams\classes\amsthm.sty"
Package: amsthm 2004/08/06 v2.20
\thm@style=\toks36
\thm@bodyfont=\toks37
\thm@headfont=\toks38
\thm@notefont=\toks39
\thm@headpunct=\toks40
\thm@preskip=\skip57
\thm@postskip=\skip58
\thm@headsep=\skip59
\dth@everypar=\toks41
)
\c@theorem=\count153
)
("C:\Program Files (x86)\MiKTeX 2.9\tex\latex\beamer\base\beamerbasethemes.sty"
Package: beamerbasethemes 2010/05/01  (rcs-revision efa082c6111d)
))
("C:\Program Files (x86)\MiKTeX 2.9\tex\latex\beamer\base\themes\theme\beamerthemedefault.sty"
Package: beamerthemedefault 2010/06/17  (rcs-revision d02a7cf4d8ae)

("C:\Program Files (x86)\MiKTeX 2.9\tex\latex\beamer\base\themes\font\beamerfontthemedefault.sty"
Package: beamerfontthemedefault 2010/06/17  (rcs-revision d02a7cf4d8ae)
)
("C:\Program Files (x86)\MiKTeX 2.9\tex\latex\beamer\base\themes\color\beamercolorthemedefault.sty"
Package: beamercolorthemedefault 2010/06/17  (rcs-revision d02a7cf4d8ae)
)
("C:\Program Files (x86)\MiKTeX 2.9\tex\latex\beamer\base\themes\inner\beamerinnerthemedefault.sty"
Package: beamerinnerthemedefault 2010/06/17  (rcs-revision d02a7cf4d8ae)
\beamer@dima=\dimen182
\beamer@dimb=\dimen183
)
("C:\Program Files (x86)\MiKTeX 2.9\tex\latex\beamer\base\themes\outer\beamerouterthemedefault.sty"
Package: beamerouterthemedefault 2010/06/17  (rcs-revision d02a7cf4d8ae)
)))
("C:\Program Files (x86)\MiKTeX 2.9\tex\latex\base\fontenc.sty"
Package: fontenc 2005/09/27 v1.99g Standard LaTeX package

("C:\Program Files (x86)\MiKTeX 2.9\tex\latex\base\t1enc.def"
File: t1enc.def 2005/09/27 v1.99g Standard LaTeX file
LaTeX Font Info:    Redeclaring font encoding T1 on input line 43.
))
("C:\Program Files (x86)\MiKTeX 2.9\tex\latex\base\textcomp.sty"
Package: textcomp 2005/09/27 v1.99g Standard LaTeX package
Package textcomp Info: Sub-encoding information:
(textcomp)               5 = only ISO-Adobe without \textcurrency
(textcomp)               4 = 5 + \texteuro
(textcomp)               3 = 4 + \textohm
(textcomp)               2 = 3 + \textestimated + \textcurrency
(textcomp)               1 = TS1 - \textcircled - \t
(textcomp)               0 = TS1 (full)
(textcomp)             Font families with sub-encoding setting implement
(textcomp)             only a restricted character set as indicated.
(textcomp)             Family '?' is the default used for unknown fonts.
(textcomp)             See the documentation for details.
Package textcomp Info: Setting ? sub-encoding to TS1/1 on input line 71.

("C:\Program Files (x86)\MiKTeX 2.9\tex\latex\base\ts1enc.def"
File: ts1enc.def 2001/06/05 v3.0e (jk/car/fm) Standard LaTeX file
)
LaTeX Info: Redefining \oldstylenums on input line 266.
Package textcomp Info: Setting cmr sub-encoding to TS1/0 on input line 281.
Package textcomp Info: Setting cmss sub-encoding to TS1/0 on input line 282.
Package textcomp Info: Setting cmtt sub-encoding to TS1/0 on input line 283.
Package textcomp Info: Setting cmvtt sub-encoding to TS1/0 on input line 284.
Package textcomp Info: Setting cmbr sub-encoding to TS1/0 on input line 285.
Package textcomp Info: Setting cmtl sub-encoding to TS1/0 on input line 286.
Package textcomp Info: Setting ccr sub-encoding to TS1/0 on input line 287.
Package textcomp Info: Setting ptm sub-encoding to TS1/4 on input line 288.
Package textcomp Info: Setting pcr sub-encoding to TS1/4 on input line 289.
Package textcomp Info: Setting phv sub-encoding to TS1/4 on input line 290.
Package textcomp Info: Setting ppl sub-encoding to TS1/3 on input line 291.
Package textcomp Info: Setting pag sub-encoding to TS1/4 on input line 292.
Package textcomp Info: Setting pbk sub-encoding to TS1/4 on input line 293.
Package textcomp Info: Setting pnc sub-encoding to TS1/4 on input line 294.
Package textcomp Info: Setting pzc sub-encoding to TS1/4 on input line 295.
Package textcomp Info: Setting bch sub-encoding to TS1/4 on input line 296.
Package textcomp Info: Setting put sub-encoding to TS1/5 on input line 297.
Package textcomp Info: Setting uag sub-encoding to TS1/5 on input line 298.
Package textcomp Info: Setting ugq sub-encoding to TS1/5 on input line 299.
Package textcomp Info: Setting ul8 sub-encoding to TS1/4 on input line 300.
Package textcomp Info: Setting ul9 sub-encoding to TS1/4 on input line 301.
Package textcomp Info: Setting augie sub-encoding to TS1/5 on input line 302.
Package textcomp Info: Setting dayrom sub-encoding to TS1/3 on input line 303.
Package textcomp Info: Setting dayroms sub-encoding to TS1/3 on input line 304.
Package textcomp Info: Setting pxr sub-encoding to TS1/0 on input line 305.
Package textcomp Info: Setting pxss sub-encoding to TS1/0 on input line 306.
Package textcomp Info: Setting pxtt sub-encoding to TS1/0 on input line 307.
Package textcomp Info: Setting txr sub-encoding to TS1/0 on input line 308.
Package textcomp Info: Setting txss sub-encoding to TS1/0 on input line 309.
Package textcomp Info: Setting txtt sub-encoding to TS1/0 on input line 310.
Package textcomp Info: Setting lmr sub-encoding to TS1/0 on input line 311.
Package textcomp Info: Setting lmdh sub-encoding to TS1/0 on input line 312.
Package textcomp Info: Setting lmss sub-encoding to TS1/0 on input line 313.
Package textcomp Info: Setting lmssq sub-encoding to TS1/0 on input line 314.
Package textcomp Info: Setting lmvtt sub-encoding to TS1/0 on input line 315.
Package textcomp Info: Setting qhv sub-encoding to TS1/0 on input line 316.
Package textcomp Info: Setting qag sub-encoding to TS1/0 on input line 317.
Package textcomp Info: Setting qbk sub-encoding to TS1/0 on input line 318.
Package textcomp Info: Setting qcr sub-encoding to TS1/0 on input line 319.
Package textcomp Info: Setting qcs sub-encoding to TS1/0 on input line 320.
Package textcomp Info: Setting qpl sub-encoding to TS1/0 on input line 321.
Package textcomp Info: Setting qtm sub-encoding to TS1/0 on input line 322.
Package textcomp Info: Setting qzc sub-encoding to TS1/0 on input line 323.
Package textcomp Info: Setting qhvc sub-encoding to TS1/0 on input line 324.
Package textcomp Info: Setting futs sub-encoding to TS1/4 on input line 325.
Package textcomp Info: Setting futx sub-encoding to TS1/4 on input line 326.
Package textcomp Info: Setting futj sub-encoding to TS1/4 on input line 327.
Package textcomp Info: Setting hlh sub-encoding to TS1/3 on input line 328.
Package textcomp Info: Setting hls sub-encoding to TS1/3 on input line 329.
Package textcomp Info: Setting hlst sub-encoding to TS1/3 on input line 330.
Package textcomp Info: Setting hlct sub-encoding to TS1/5 on input line 331.
Package textcomp Info: Setting hlx sub-encoding to TS1/5 on input line 332.
Package textcomp Info: Setting hlce sub-encoding to TS1/5 on input line 333.
Package textcomp Info: Setting hlcn sub-encoding to TS1/5 on input line 334.
Package textcomp Info: Setting hlcw sub-encoding to TS1/5 on input line 335.
Package textcomp Info: Setting hlcf sub-encoding to TS1/5 on input line 336.
Package textcomp Info: Setting pplx sub-encoding to TS1/3 on input line 337.
Package textcomp Info: Setting pplj sub-encoding to TS1/3 on input line 338.
Package textcomp Info: Setting ptmx sub-encoding to TS1/4 on input line 339.
Package textcomp Info: Setting ptmj sub-encoding to TS1/4 on input line 340.
)
("C:\Program Files (x86)\MiKTeX 2.9\tex\latex\lm\lmodern.sty"
Package: lmodern 2009/10/30 v1.6 Latin Modern Fonts
LaTeX Font Info:    Overwriting symbol font `operators' in version `normal'
(Font)                  OT1/cmr/m/n --> OT1/lmr/m/n on input line 22.
LaTeX Font Info:    Overwriting symbol font `letters' in version `normal'
(Font)                  OML/cmm/m/it --> OML/lmm/m/it on input line 23.
LaTeX Font Info:    Overwriting symbol font `symbols' in version `normal'
(Font)                  OMS/cmsy/m/n --> OMS/lmsy/m/n on input line 24.
LaTeX Font Info:    Overwriting symbol font `largesymbols' in version `normal'
(Font)                  OMX/cmex/m/n --> OMX/lmex/m/n on input line 25.
LaTeX Font Info:    Overwriting symbol font `operators' in version `bold'
(Font)                  OT1/cmr/bx/n --> OT1/lmr/bx/n on input line 26.
LaTeX Font Info:    Overwriting symbol font `letters' in version `bold'
(Font)                  OML/cmm/b/it --> OML/lmm/b/it on input line 27.
LaTeX Font Info:    Overwriting symbol font `symbols' in version `bold'
(Font)                  OMS/cmsy/b/n --> OMS/lmsy/b/n on input line 28.
LaTeX Font Info:    Overwriting symbol font `largesymbols' in version `bold'
(Font)                  OMX/cmex/m/n --> OMX/lmex/m/n on input line 29.
LaTeX Font Info:    Overwriting math alphabet `\mathbf' in version `normal'
(Font)                  OT1/cmr/bx/n --> OT1/lmr/bx/n on input line 31.
LaTeX Font Info:    Overwriting math alphabet `\mathsf' in version `normal'
(Font)                  OT1/cmss/m/n --> OT1/lmss/m/n on input line 32.
LaTeX Font Info:    Overwriting math alphabet `\mathit' in version `normal'
(Font)                  OT1/cmr/m/it --> OT1/lmr/m/it on input line 33.
LaTeX Font Info:    Overwriting math alphabet `\mathtt' in version `normal'
(Font)                  OT1/cmtt/m/n --> OT1/lmtt/m/n on input line 34.
LaTeX Font Info:    Overwriting math alphabet `\mathbf' in version `bold'
(Font)                  OT1/cmr/bx/n --> OT1/lmr/bx/n on input line 35.
LaTeX Font Info:    Overwriting math alphabet `\mathsf' in version `bold'
(Font)                  OT1/cmss/bx/n --> OT1/lmss/bx/n on input line 36.
LaTeX Font Info:    Overwriting math alphabet `\mathit' in version `bold'
(Font)                  OT1/cmr/bx/it --> OT1/lmr/bx/it on input line 37.
LaTeX Font Info:    Overwriting math alphabet `\mathtt' in version `bold'
(Font)                  OT1/cmtt/m/n --> OT1/lmtt/m/n on input line 38.
)
("C:\Program Files (x86)\MiKTeX 2.9\tex\latex\setspace\setspace.sty"
Package: setspace 2011/12/19 v6.7a set line spacing
)
("C:\Program Files (x86)\MiKTeX 2.9\tex\latex\base\ifthen.sty"
Package: ifthen 2001/05/26 v1.1c Standard LaTeX ifthen package (DPC)
)
("C:\Program Files (x86)\MiKTeX 2.9\tex\latex\tools\xspace.sty"
Package: xspace 2009/10/20 v1.13 Space after command names (DPC,MH)
)
("C:\Program Files (x86)\MiKTeX 2.9\tex\latex\booktabs\booktabs.sty"
Package: booktabs 2005/04/14 v1.61803 publication quality tables
\heavyrulewidth=\dimen184
\lightrulewidth=\dimen185
\cmidrulewidth=\dimen186
\belowrulesep=\dimen187
\belowbottomsep=\dimen188
\aboverulesep=\dimen189
\abovetopsep=\dimen190
\cmidrulesep=\dimen191
\cmidrulekern=\dimen192
\defaultaddspace=\dimen193
\@cmidla=\count154
\@cmidlb=\count155
\@aboverulesep=\dimen194
\@belowrulesep=\dimen195
\@thisruleclass=\count156
\@lastruleclass=\count157
\@thisrulewidth=\dimen196
)
("C:\Program Files (x86)\MiKTeX 2.9\tex\latex\multirow\multirow.sty"
\bigstrutjot=\dimen197
)
("C:\Users\Troy Haskin\AppData\Roaming\MiKTeX\2.9\tex\latex\appendixnumberbeamer\appendixnumberbeamer.sty")
("C:\Program Files (x86)\MiKTeX 2.9\tex\latex\beamer\base\themes\outer\beamerouterthememiniframes.sty"
Package: beamerouterthememiniframes 2010/06/17  (rcs-revision d02a7cf4d8ae)
)
("C:\Program Files (x86)\MiKTeX 2.9\tex\latex\beamer\base\themes\color\beamercolorthemebeaver.sty"
Package: beamercolorthemebeaver 2010/06/17  (rcs-revision d02a7cf4d8ae)
)
("C:\Program Files (x86)\MiKTeX 2.9\tex\latex\beamer\base\themes\inner\beamerinnerthemecircles.sty"
Package: beamerinnerthemecircles 2010/06/17  (rcs-revision d02a7cf4d8ae)
)
(C:\Projects\Dissertation\Presentation\HelperCommands.tex
LaTeX Info: Redefining \TH on input line 269.
)
\LengthOfArgument=\skip60
 (C:\Projects\Dissertation\Presentation\_Prelim.aux)
LaTeX Font Info:    Checking defaults for OML/cmm/m/it on input line 155.
LaTeX Font Info:    ... okay on input line 155.
LaTeX Font Info:    Checking defaults for T1/cmr/m/n on input line 155.
LaTeX Font Info:    ... okay on input line 155.
LaTeX Font Info:    Checking defaults for OT1/cmr/m/n on input line 155.
LaTeX Font Info:    ... okay on input line 155.
LaTeX Font Info:    Checking defaults for OMS/cmsy/m/n on input line 155.
LaTeX Font Info:    ... okay on input line 155.
LaTeX Font Info:    Checking defaults for OMX/cmex/m/n on input line 155.
LaTeX Font Info:    ... okay on input line 155.
LaTeX Font Info:    Checking defaults for U/cmr/m/n on input line 155.
LaTeX Font Info:    ... okay on input line 155.
LaTeX Font Info:    Checking defaults for PD1/pdf/m/n on input line 155.
LaTeX Font Info:    ... okay on input line 155.
LaTeX Font Info:    Checking defaults for TS1/cmr/m/n on input line 155.
LaTeX Font Info:    Try loading font information for TS1+cmr on input line 155.

("C:\Program Files (x86)\MiKTeX 2.9\tex\latex\base\ts1cmr.fd"
File: ts1cmr.fd 1999/05/25 v2.5h Standard LaTeX font definitions
)
LaTeX Font Info:    ... okay on input line 155.
LaTeX Font Info:    Try loading font information for T1+lmss on input line 155.
 ("C:\Program Files (x86)\MiKTeX 2.9\tex\latex\lm\t1lmss.fd"
File: t1lmss.fd 2009/10/30 v1.6 Font defs for Latin Modern
)
*geometry* driver: auto-detecting
*geometry* detected driver: pdftex
*geometry* verbose mode - [ preamble ] result:
* driver: pdftex
* paper: custom
* layout: <same size as paper>
* layoutoffset:(h,v)=(0.0pt,0.0pt)
* modes: includehead includefoot 
* h-part:(L,W,R)=(28.45274pt, 307.28987pt, 28.45274pt)
* v-part:(T,H,B)=(0.0pt, 273.14662pt, 0.0pt)
* \paperwidth=364.19536pt
* \paperheight=273.14662pt
* \textwidth=307.28987pt
* \textheight=244.6939pt
* \oddsidemargin=-43.81725pt
* \evensidemargin=-43.81725pt
* \topmargin=-72.26999pt
* \headheight=14.22636pt
* \headsep=0.0pt
* \topskip=10.0pt
* \footskip=14.22636pt
* \marginparwidth=3.0pt
* \marginparsep=11.0pt
* \columnsep=10.0pt
* \skip\footins=9.0pt plus 4.0pt minus 2.0pt
* \hoffset=0.0pt
* \voffset=0.0pt
* \mag=1000
* \@twocolumnfalse
* \@twosidefalse
* \@mparswitchfalse
* \@reversemarginfalse
* (1in=72.27pt=25.4mm, 1cm=28.453pt)

("C:\Program Files (x86)\MiKTeX 2.9\tex\context\base\supp-pdf.mkii"
[Loading MPS to PDF converter (version 2006.09.02).]
\scratchcounter=\count158
\scratchdimen=\dimen198
\scratchbox=\box53
\nofMPsegments=\count159
\nofMParguments=\count160
\everyMPshowfont=\toks42
\MPscratchCnt=\count161
\MPscratchDim=\dimen199
\MPnumerator=\count162
\makeMPintoPDFobject=\count163
\everyMPtoPDFconversion=\toks43
) ABD: EveryShipout initializing macros
\AtBeginShipoutBox=\box54
Package hyperref Info: Link coloring OFF on input line 155.
 ("C:\Program Files (x86)\MiKTeX 2.9\tex\latex\hyperref\nameref.sty"
Package: nameref 2010/04/30 v2.40 Cross-referencing by name of section

("C:\Program Files (x86)\MiKTeX 2.9\tex\generic\oberdiek\gettitlestring.sty"
Package: gettitlestring 2010/12/03 v1.4 Cleanup title references (HO)
)
\c@section@level=\count164
)
LaTeX Info: Redefining \ref on input line 155.
LaTeX Info: Redefining \pageref on input line 155.
LaTeX Info: Redefining \nameref on input line 155.

(C:\Projects\Dissertation\Presentation\_Prelim.out) (C:\Projects\Dissertation\Presentation\_Prelim.out)
\@outlinefile=\write5
LaTeX Font Info:    Overwriting symbol font `operators' in version `normal'
(Font)                  OT1/lmr/m/n --> OT1/cmss/m/n on input line 155.
LaTeX Font Info:    Overwriting symbol font `operators' in version `bold'
(Font)                  OT1/lmr/bx/n --> OT1/cmss/bx/n on input line 155.
\symnumbers=\mathgroup6
\sympureletters=\mathgroup7
LaTeX Font Info:    Overwriting math alphabet `\mathrm' in version `normal'
(Font)                  OT1/cmss/m/n --> T1/lmr/m/n on input line 155.
LaTeX Font Info:    Redeclaring math alphabet \mathbf on input line 155.
LaTeX Font Info:    Overwriting math alphabet `\mathbf' in version `normal'
(Font)                  OT1/lmr/bx/n --> T1/lmss/bx/n on input line 155.
LaTeX Font Info:    Overwriting math alphabet `\mathbf' in version `bold'
(Font)                  OT1/lmr/bx/n --> T1/lmss/bx/n on input line 155.
LaTeX Font Info:    Redeclaring math alphabet \mathsf on input line 155.
LaTeX Font Info:    Overwriting math alphabet `\mathsf' in version `normal'
(Font)                  OT1/lmss/m/n --> T1/lmss/m/n on input line 155.
LaTeX Font Info:    Overwriting math alphabet `\mathsf' in version `bold'
(Font)                  OT1/lmss/bx/n --> T1/lmss/m/n on input line 155.
LaTeX Font Info:    Redeclaring math alphabet \mathit on input line 155.
LaTeX Font Info:    Overwriting math alphabet `\mathit' in version `normal'
(Font)                  OT1/lmr/m/it --> T1/lmss/m/it on input line 155.
LaTeX Font Info:    Overwriting math alphabet `\mathit' in version `bold'
(Font)                  OT1/lmr/bx/it --> T1/lmss/m/it on input line 155.
LaTeX Font Info:    Redeclaring math alphabet \mathtt on input line 155.
LaTeX Font Info:    Overwriting math alphabet `\mathtt' in version `normal'
(Font)                  OT1/lmtt/m/n --> T1/lmtt/m/n on input line 155.
LaTeX Font Info:    Overwriting math alphabet `\mathtt' in version `bold'
(Font)                  OT1/lmtt/m/n --> T1/lmtt/m/n on input line 155.
LaTeX Font Info:    Overwriting symbol font `numbers' in version `bold'
(Font)                  T1/lmss/m/n --> T1/lmss/bx/n on input line 155.
LaTeX Font Info:    Overwriting symbol font `pureletters' in version `bold'
(Font)                  T1/lmss/m/it --> T1/lmss/bx/it on input line 155.
LaTeX Font Info:    Overwriting math alphabet `\mathrm' in version `bold'
(Font)                  OT1/cmss/bx/n --> T1/lmr/bx/n on input line 155.
LaTeX Font Info:    Overwriting math alphabet `\mathbf' in version `bold'
(Font)                  T1/lmss/bx/n --> T1/lmss/bx/n on input line 155.
LaTeX Font Info:    Overwriting math alphabet `\mathsf' in version `bold'
(Font)                  T1/lmss/m/n --> T1/lmss/bx/n on input line 155.
LaTeX Font Info:    Overwriting math alphabet `\mathit' in version `bold'
(Font)                  T1/lmss/m/it --> T1/lmss/bx/it on input line 155.
LaTeX Font Info:    Overwriting math alphabet `\mathtt' in version `bold'
(Font)                  T1/lmtt/m/n --> T1/lmtt/bx/n on input line 155.

("C:\Program Files (x86)\MiKTeX 2.9\tex\latex\beamer\base\translator\dicts\translator-basic-dictionary-English.dict"
Dictionary: translator-basic-dictionary, Language: English 
)
("C:\Program Files (x86)\MiKTeX 2.9\tex\latex\beamer\base\translator\dicts\translator-bibliography-dictionary-English.di
ct"
Dictionary: translator-bibliography-dictionary, Language: English 
)
("C:\Program Files (x86)\MiKTeX 2.9\tex\latex\beamer\base\translator\dicts\translator-environment-dictionary-English.dic
t"
Dictionary: translator-environment-dictionary, Language: English 
) ("C:\Program Files (x86)\MiKTeX 2.9\tex\latex\beamer\base\translator\dicts\translator-months-dictionary-English.dict"
Dictionary: translator-months-dictionary, Language: English 
) ("C:\Program Files (x86)\MiKTeX 2.9\tex\latex\beamer\base\translator\dicts\translator-numbers-dictionary-English.dict"
Dictionary: translator-numbers-dictionary, Language: English 
) ("C:\Program Files (x86)\MiKTeX 2.9\tex\latex\beamer\base\translator\dicts\translator-theorem-dictionary-English.dict"
Dictionary: translator-theorem-dictionary, Language: English 
) (C:\Projects\Dissertation\Presentation\_Prelim.nav) <./Graphics/Picture1.png, id=94, 124.3044pt x 196.5744pt>
File: ./Graphics/Picture1.png Graphic file (type png)

<use ./Graphics/Picture1.png>
Package pdftex.def Info: ./Graphics/Picture1.png used on input line 163.
(pdftex.def)             Requested size: 24.86043pt x 39.31418pt.
 [1{C:/Users/Troy Haskin/AppData/Local/MiKTeX/2.9/pdftex/config/pdftex.map}

 <C:/Projects/Dissertation/Presentation/Graphics/Picture1.png>] (C:\Projects\Dissertation\Presentation\_Prelim.toc)
File: ./Graphics/Picture1.png Graphic file (type png)

<use ./Graphics/Picture1.png>
Package pdftex.def Info: ./Graphics/Picture1.png used on input line 172.
(pdftex.def)             Requested size: 24.86043pt x 39.31418pt.
 [2

] (C:\Projects\Dissertation\Presentation\Introduction.tex
(C:\Projects\Dissertation\Presentation\_Prelim.toc)
File: ./Graphics/Picture1.png Graphic file (type png)
 <use ./Graphics/Picture1.png>
Package pdftex.def Info: ./Graphics/Picture1.png used on input line 4.
(pdftex.def)             Requested size: 24.86043pt x 39.31418pt.
 [3

]
LaTeX Font Info:    Try loading font information for TS1+lmss on input line 17.

("C:\Program Files (x86)\MiKTeX 2.9\tex\latex\lm\ts1lmss.fd"
File: ts1lmss.fd 2009/10/30 v1.6 Font defs for Latin Modern
)
File: ./Graphics/Picture1.png Graphic file (type png)
 <use ./Graphics/Picture1.png>
Package pdftex.def Info: ./Graphics/Picture1.png used on input line 17.
(pdftex.def)             Requested size: 24.86043pt x 39.31418pt.
 [4

]
Overfull \hbox (20.00003pt too wide) in paragraph at lines 38--38
[][]  
 []

File: ./Graphics/Picture1.png Graphic file (type png)
<use ./Graphics/Picture1.png>
Package pdftex.def Info: ./Graphics/Picture1.png used on input line 38.
(pdftex.def)             Requested size: 24.86043pt x 39.31418pt.
 [5

]
Overfull \hbox (20.00003pt too wide) in paragraph at lines 38--38
[][][]  
 []

File: ./Graphics/Picture1.png Graphic file (type png)
<use ./Graphics/Picture1.png>
Package pdftex.def Info: ./Graphics/Picture1.png used on input line 38.
(pdftex.def)             Requested size: 24.86043pt x 39.31418pt.
 [6

] (C:\Projects\Dissertation\Presentation\_Prelim.toc)
File: ./Graphics/Picture1.png Graphic file (type png)
 <use ./Graphics/Picture1.png>
Package pdftex.def Info: ./Graphics/Picture1.png used on input line 43.
(pdftex.def)             Requested size: 24.86043pt x 39.31418pt.

[7

] <./Graphics/RCCSMockup.png, id=458, 357.335pt x 742.775pt>
File: ./Graphics/RCCSMockup.png Graphic file (type png)
 <use ./Graphics/RCCSMockup.png>
Package pdftex.def Info: ./Graphics/RCCSMockup.png used on input line 58.
(pdftex.def)             Requested size: 86.91808pt x 180.67499pt.
File: ./Graphics/Picture1.png Graphic file (type png)

<use ./Graphics/Picture1.png>
Package pdftex.def Info: ./Graphics/Picture1.png used on input line 58.
(pdftex.def)             Requested size: 24.86043pt x 39.31418pt.
 [8

 <C:/Projects/Dissertation/Presentation/Graphics/RCCSMockup.png>]
<./Graphics/RCCSTotalSystem.png, id=502, 280.2105pt x 320.9445pt>
File: ./Graphics/RCCSTotalSystem.png Graphic file (type png)
 <use ./Graphics/RCCSTotalSystem.png>
Package pdftex.def Info: ./Graphics/RCCSTotalSystem.png used on input line 83.
(pdftex.def)             Requested size: 157.74628pt x 180.67499pt.

Overfull \hbox (19.46678pt too wide) in paragraph at lines 83--83
[][]  
 []

File: ./Graphics/Picture1.png Graphic file (type png)
<use ./Graphics/Picture1.png>
Package pdftex.def Info: ./Graphics/Picture1.png used on input line 83.
(pdftex.def)             Requested size: 24.86043pt x 39.31418pt.
 [9

 <C:/Projects/Dissertation/Presentation/Graphics/RCCSTotalSystem.png>]
<./Graphics/RCCSExperimentOverview.png, id=545, 576.1525pt x 1047.915pt>
File: ./Graphics/RCCSExperimentOverview.png Graphic file (type png)
 <use ./Graphics/RCCSExperimentOverview.png>
Package pdftex.def Info: ./Graphics/RCCSExperimentOverview.png used on input line 98.
(pdftex.def)             Requested size: 99.33366pt x 180.67499pt.
LaTeX Font Info:    Try loading font information for OML+lmm on input line 98.

("C:\Program Files (x86)\MiKTeX 2.9\tex\latex\lm\omllmm.fd"
File: omllmm.fd 2009/10/30 v1.6 Font defs for Latin Modern
)
LaTeX Font Info:    Try loading font information for OMS+lmsy on input line 98.
 ("C:\Program Files (x86)\MiKTeX 2.9\tex\latex\lm\omslmsy.fd"
File: omslmsy.fd 2009/10/30 v1.6 Font defs for Latin Modern
)
LaTeX Font Info:    Try loading font information for OMX+lmex on input line 98.
 ("C:\Program Files (x86)\MiKTeX 2.9\tex\latex\lm\omxlmex.fd"
File: omxlmex.fd 2009/10/30 v1.6 Font defs for Latin Modern
)
LaTeX Font Info:    External font `lmex10' loaded for size
(Font)              <10> on input line 98.
LaTeX Font Info:    External font `lmex10' loaded for size
(Font)              <7> on input line 98.
LaTeX Font Info:    External font `lmex10' loaded for size
(Font)              <5> on input line 98.
LaTeX Font Info:    Try loading font information for U+msa on input line 98.

("C:\Program Files (x86)\MiKTeX 2.9\tex\latex\amsfonts\umsa.fd"
File: umsa.fd 2009/06/22 v3.00 AMS symbols A
)
LaTeX Font Info:    Try loading font information for U+msb on input line 98.

("C:\Program Files (x86)\MiKTeX 2.9\tex\latex\amsfonts\umsb.fd"
File: umsb.fd 2009/06/22 v3.00 AMS symbols B
)
LaTeX Font Info:    Font shape `T1/lmss/m/it' in size <10> not available
(Font)              Font shape `T1/lmss/m/sl' tried instead on input line 98.
LaTeX Font Info:    Font shape `T1/lmss/m/it' in size <7> not available
(Font)              Font shape `T1/lmss/m/sl' tried instead on input line 98.
LaTeX Font Info:    Font shape `T1/lmss/m/it' in size <5> not available
(Font)              Font shape `T1/lmss/m/sl' tried instead on input line 98.

<./Graphics/RCCSExperimentHeatBox.png, id=546, 947.54pt x 403.5075pt>
File: ./Graphics/RCCSExperimentHeatBox.png Graphic file (type png)
 <use ./Graphics/RCCSExperimentHeatBox.png>
Package pdftex.def Info: ./Graphics/RCCSExperimentHeatBox.png used on input line 98.
(pdftex.def)             Requested size: 180.67499pt x 76.93813pt.
File: ./Graphics/Picture1.png Graphic file (type png)

<use ./Graphics/Picture1.png>
Package pdftex.def Info: ./Graphics/Picture1.png used on input line 98.
(pdftex.def)             Requested size: 24.86043pt x 39.31418pt.
 [10

 <C:/Projects/Dissertation/Presentation/Graphics/RCCSExperimentOverview.png> <C:/Projects/Dissertation/Presentation/Grap
hics/RCCSExperimentHeatBox.png>]
<./Graphics/ExperimentMassFlow.png, id=589, 2675.9975pt x 2130.96124pt>
File: ./Graphics/ExperimentMassFlow.png Graphic file (type png)
 <use ./Graphics/ExperimentMassFlow.png>
Package pdftex.def Info: ./Graphics/ExperimentMassFlow.png used on input line 109.
(pdftex.def)             Requested size: 226.8647pt x 180.67499pt.
File: ./Graphics/Picture1.png Graphic file (type png)

<use ./Graphics/Picture1.png>
Package pdftex.def Info: ./Graphics/Picture1.png used on input line 109.
(pdftex.def)             Requested size: 24.86043pt x 39.31418pt.
 [11

 <C:/Projects/Dissertation/Presentation/Graphics/ExperimentMassFlow.png (PNG copy)>]
(C:\Projects\Dissertation\Presentation\_Prelim.toc)
File: ./Graphics/Picture1.png Graphic file (type png)
 <use ./Graphics/Picture1.png>
Package pdftex.def Info: ./Graphics/Picture1.png used on input line 116.
(pdftex.def)             Requested size: 24.86043pt x 39.31418pt.
 [12

]
File: ./Graphics/Picture1.png Graphic file (type png)
 <use ./Graphics/Picture1.png>
Package pdftex.def Info: ./Graphics/Picture1.png used on input line 125.
(pdftex.def)             Requested size: 24.86043pt x 39.31418pt.

[13

]) (C:\Projects\Dissertation\Presentation\_Prelim.toc)
File: ./Graphics/Picture1.png Graphic file (type png)
 <use ./Graphics/Picture1.png>
Package pdftex.def Info: ./Graphics/Picture1.png used on input line 186.
(pdftex.def)             Requested size: 24.86043pt x 39.31418pt.
 [14

]
<./Graphics/PowerProfiles_MassFlowRateAnnotationsThesis.png, id=774, 2911.87875pt x 2082.78125pt>
File: ./Graphics/PowerProfiles_MassFlowRateAnnotationsThesis.png Graphic file (type png)

<use ./Graphics/PowerProfiles_MassFlowRateAnnotationsThesis.png>
Package pdftex.def Info: ./Graphics/PowerProfiles_MassFlowRateAnnotationsThesis.png used on input line 196.
(pdftex.def)             Requested size: 242.46342pt x 173.44756pt.
File: ./Graphics/Picture1.png Graphic file (type png)
 <use ./Graphics/Picture1.png>
Package pdftex.def Info: ./Graphics/Picture1.png used on input line 196.
(pdftex.def)             Requested size: 24.86043pt x 39.31418pt.
 [15

 <C:/Projects/Dissertation/Presentation/Graphics/PowerProfiles_MassFlowRateAnnotationsThesis.png (PNG copy)>]
<./Graphics/RCCSExperimentRiserPlotAid.png, id=821, 444.2196pt x 685.1196pt>
File: ./Graphics/RCCSExperimentRiserPlotAid.png Graphic file (type png)

<use ./Graphics/RCCSExperimentRiserPlotAid.png>
Package pdftex.def Info: ./Graphics/RCCSExperimentRiserPlotAid.png used on input line 212.
(pdftex.def)             Requested size: 84.3416pt x 130.08621pt.

<./Graphics/ExperimentMassFlowRateVsTime.png, id=822, 2763.32375pt x 2176.13pt>
File: ./Graphics/ExperimentMassFlowRateVsTime.png Graphic file (type png)

<use ./Graphics/ExperimentMassFlowRateVsTime.png>
Package pdftex.def Info: ./Graphics/ExperimentMassFlowRateVsTime.png used on input line 212.
(pdftex.def)             Requested size: 195.12877pt x 153.63966pt.
File: ./Graphics/Picture1.png Graphic file (type png)
 <use ./Graphics/Picture1.png>
Package pdftex.def Info: ./Graphics/Picture1.png used on input line 212.
(pdftex.def)             Requested size: 24.86043pt x 39.31418pt.
 [16

 <C:/Projects/Dissertation/Presentation/Graphics/RCCSExperimentRiserPlotAid.png> <C:/Projects/Dissertation/Presentation/
Graphics/ExperimentMassFlowRateVsTime.png (PNG copy)>] (C:\Projects\Dissertation\Presentation\_Prelim.toc)
File: ./Graphics/Picture1.png Graphic file (type png)
 <use ./Graphics/Picture1.png>
Package pdftex.def Info: ./Graphics/Picture1.png used on input line 218.
(pdftex.def)             Requested size: 24.86043pt x 39.31418pt.
 [17

]
File: ./Graphics/Picture1.png Graphic file (type png)

<use ./Graphics/Picture1.png>
Package pdftex.def Info: ./Graphics/Picture1.png used on input line 244.
(pdftex.def)             Requested size: 24.86043pt x 39.31418pt.
 [18

]
File: ./Graphics/Picture1.png Graphic file (type png)
 <use ./Graphics/Picture1.png>
Package pdftex.def Info: ./Graphics/Picture1.png used on input line 275.
(pdftex.def)             Requested size: 24.86043pt x 39.31418pt.
 [19

]
File: ./Graphics/Picture1.png Graphic file (type png)
 <use ./Graphics/Picture1.png>
Package pdftex.def Info: ./Graphics/Picture1.png used on input line 306.
(pdftex.def)             Requested size: 24.86043pt x 39.31418pt.
 [20

]
File: ./Graphics/Picture1.png Graphic file (type png)

<use ./Graphics/Picture1.png>
Package pdftex.def Info: ./Graphics/Picture1.png used on input line 317.
(pdftex.def)             Requested size: 24.86043pt x 39.31418pt.
 [21

] (C:\Projects\Dissertation\Presentation\_Prelim.toc)
File: ./Graphics/Picture1.png Graphic file (type png)
 <use ./Graphics/Picture1.png>
Package pdftex.def Info: ./Graphics/Picture1.png used on input line 321.
(pdftex.def)             Requested size: 24.86043pt x 39.31418pt.

[22

]
File: ./Graphics/Picture1.png Graphic file (type png)
 <use ./Graphics/Picture1.png>
Package pdftex.def Info: ./Graphics/Picture1.png used on input line 350.
(pdftex.def)             Requested size: 24.86043pt x 39.31418pt.
 [23

]
File: ./Graphics/Picture1.png Graphic file (type png)
 <use ./Graphics/Picture1.png>
Package pdftex.def Info: ./Graphics/Picture1.png used on input line 350.
(pdftex.def)             Requested size: 24.86043pt x 39.31418pt.
 [24

]
File: ./Graphics/Picture1.png Graphic file (type png)
 <use ./Graphics/Picture1.png>
Package pdftex.def Info: ./Graphics/Picture1.png used on input line 350.
(pdftex.def)             Requested size: 24.86043pt x 39.31418pt.
 [25

]
File: ./Graphics/Picture1.png Graphic file (type png)

<use ./Graphics/Picture1.png>
Package pdftex.def Info: ./Graphics/Picture1.png used on input line 397.
(pdftex.def)             Requested size: 24.86043pt x 39.31418pt.
 [26

]
File: ./Graphics/Picture1.png Graphic file (type png)
 <use ./Graphics/Picture1.png>
Package pdftex.def Info: ./Graphics/Picture1.png used on input line 419.
(pdftex.def)             Requested size: 24.86043pt x 39.31418pt.
 [27

]
LaTeX Font Info:    External font `lmex10' loaded for size
(Font)              <9> on input line 442.
LaTeX Font Info:    External font `lmex10' loaded for size
(Font)              <6> on input line 442.
LaTeX Font Info:    Font shape `T1/lmss/m/it' in size <9> not available
(Font)              Font shape `T1/lmss/m/sl' tried instead on input line 442.
LaTeX Font Info:    Font shape `T1/lmss/m/it' in size <6> not available
(Font)              Font shape `T1/lmss/m/sl' tried instead on input line 442.

<./Graphics/SimpleNatCirc.png, id=1369, 175.857pt x 419.6478pt>
File: ./Graphics/SimpleNatCirc.png Graphic file (type png)
 <use ./Graphics/SimpleNatCirc.png>
Package pdftex.def Info: ./Graphics/SimpleNatCirc.png used on input line 442.
(pdftex.def)             Requested size: 72.68411pt x 173.44756pt.
File: ./Graphics/Picture1.png Graphic file (type png)

<use ./Graphics/Picture1.png>
Package pdftex.def Info: ./Graphics/Picture1.png used on input line 442.
(pdftex.def)             Requested size: 24.86043pt x 39.31418pt.
 [28

 <C:/Projects/Dissertation/Presentation/Graphics/SimpleNatCirc.png>]
File: ./Graphics/SimpleNatCirc.png Graphic file (type png)

<use ./Graphics/SimpleNatCirc.png>
Package pdftex.def Info: ./Graphics/SimpleNatCirc.png used on input line 477.
(pdftex.def)             Requested size: 72.68411pt x 173.44756pt.
File: ./Graphics/Picture1.png Graphic file (type png)
 <use ./Graphics/Picture1.png>
Package pdftex.def Info: ./Graphics/Picture1.png used on input line 477.
(pdftex.def)             Requested size: 24.86043pt x 39.31418pt.
 [29

] (C:\Projects\Dissertation\Presentation\_Prelim.toc)
File: ./Graphics/Picture1.png Graphic file (type png)
 <use ./Graphics/Picture1.png>
Package pdftex.def Info: ./Graphics/Picture1.png used on input line 481.
(pdftex.def)             Requested size: 24.86043pt x 39.31418pt.
 [30

]
File: ./Graphics/Picture1.png Graphic file (type png)
 <use ./Graphics/Picture1.png>
Package pdftex.def Info: ./Graphics/Picture1.png used on input line 507.
(pdftex.def)             Requested size: 24.86043pt x 39.31418pt.
 [31

]
File: ./Graphics/Picture1.png Graphic file (type png)
 <use ./Graphics/Picture1.png>
Package pdftex.def Info: ./Graphics/Picture1.png used on input line 507.
(pdftex.def)             Requested size: 24.86043pt x 39.31418pt.
 [32

]
File: ./Graphics/Picture1.png Graphic file (type png)

<use ./Graphics/Picture1.png>
Package pdftex.def Info: ./Graphics/Picture1.png used on input line 507.
(pdftex.def)             Requested size: 24.86043pt x 39.31418pt.
 [33

]
File: ./Graphics/Picture1.png Graphic file (type png)
 <use ./Graphics/Picture1.png>
Package pdftex.def Info: ./Graphics/Picture1.png used on input line 535.
(pdftex.def)             Requested size: 24.86043pt x 39.31418pt.
 [34

]
File: ./Graphics/Picture1.png Graphic file (type png)
 <use ./Graphics/Picture1.png>
Package pdftex.def Info: ./Graphics/Picture1.png used on input line 535.
(pdftex.def)             Requested size: 24.86043pt x 39.31418pt.
 [35

]
File: ./Graphics/Picture1.png Graphic file (type png)

<use ./Graphics/Picture1.png>
Package pdftex.def Info: ./Graphics/Picture1.png used on input line 535.
(pdftex.def)             Requested size: 24.86043pt x 39.31418pt.
 [36

]
File: ./Graphics/SimpleNatCirc.png Graphic file (type png)
 <use ./Graphics/SimpleNatCirc.png>
Package pdftex.def Info: ./Graphics/SimpleNatCirc.png used on input line 570.
(pdftex.def)             Requested size: 72.68411pt x 173.44756pt.

Overfull \vbox (0.90816pt too high) detected at line 570
 []

File: ./Graphics/Picture1.png Graphic file (type png)
<use ./Graphics/Picture1.png>
Package pdftex.def Info: ./Graphics/Picture1.png used on input line 570.
(pdftex.def)             Requested size: 24.86043pt x 39.31418pt.
 [37

] (C:\Projects\Dissertation\Presentation\_Prelim.toc)
File: ./Graphics/Picture1.png Graphic file (type png)
 <use ./Graphics/Picture1.png>
Package pdftex.def Info: ./Graphics/Picture1.png used on input line 573.
(pdftex.def)             Requested size: 24.86043pt x 39.31418pt.

[38

]
File: ./Graphics/Picture1.png Graphic file (type png)
 <use ./Graphics/Picture1.png>
Package pdftex.def Info: ./Graphics/Picture1.png used on input line 593.
(pdftex.def)             Requested size: 24.86043pt x 39.31418pt.
 [39

]
LaTeX Font Info:    Try loading font information for T1+lmr on input line 608.
 ("C:\Program Files (x86)\MiKTeX 2.9\tex\latex\lm\t1lmr.fd"
File: t1lmr.fd 2009/10/30 v1.6 Font defs for Latin Modern
)
File: ./Graphics/Picture1.png Graphic file (type png)

<use ./Graphics/Picture1.png>
Package pdftex.def Info: ./Graphics/Picture1.png used on input line 608.
(pdftex.def)             Requested size: 24.86043pt x 39.31418pt.
 [40

]
File: ./Graphics/Picture1.png Graphic file (type png)
 <use ./Graphics/Picture1.png>
Package pdftex.def Info: ./Graphics/Picture1.png used on input line 627.
(pdftex.def)             Requested size: 24.86043pt x 39.31418pt.
 [41

]
File: ./Graphics/PowerProfiles_MassFlowRateAnnotationsThesis.png Graphic file (type png)

<use ./Graphics/PowerProfiles_MassFlowRateAnnotationsThesis.png>
Package pdftex.def Info: ./Graphics/PowerProfiles_MassFlowRateAnnotationsThesis.png used on input line 640.
(pdftex.def)             Requested size: 161.64229pt x 115.63243pt.
File: ./Graphics/ExperimentMassFlowRateVsTime.png Graphic file (type png)
 <use ./Graphics/ExperimentMassFlowRateVsTime.png>
Package pdftex.def Info: ./Graphics/ExperimentMassFlowRateVsTime.png used on input line 640.
(pdftex.def)             Requested size: 146.81807pt x 115.63243pt.

Overfull \hbox (16.77844pt too wide) detected at line 640
[]  [][] $[]$[][][][][][][][] $[]$[][][][][][] 
 []

File: ./Graphics/Picture1.png Graphic file (type png)
<use ./Graphics/Picture1.png>
Package pdftex.def Info: ./Graphics/Picture1.png used on input line 640.
(pdftex.def)             Requested size: 24.86043pt x 39.31418pt.
 [42

]
File: ./Graphics/Picture1.png Graphic file (type png)
 <use ./Graphics/Picture1.png>
Package pdftex.def Info: ./Graphics/Picture1.png used on input line 648.
(pdftex.def)             Requested size: 24.86043pt x 39.31418pt.
 [43

]
File: ./Graphics/Picture1.png Graphic file (type png)
 <use ./Graphics/Picture1.png>
Package pdftex.def Info: ./Graphics/Picture1.png used on input line 658.
(pdftex.def)             Requested size: 24.86043pt x 39.31418pt.
 [44

]

Package hyperref Warning: Token not allowed in a PDF string (PDFDocEncoding):
(hyperref)                removing `\translate ' on input line 665.

(C:\Projects\Dissertation\Presentation\Appendix.tex (C:\Projects\Dissertation\Presentation\_Prelim.toc)
File: ./Graphics/Picture1.png Graphic file (type png)

<use ./Graphics/Picture1.png>
Package pdftex.def Info: ./Graphics/Picture1.png used on input line 3.
(pdftex.def)             Requested size: 24.86043pt x 39.31418pt.
 [45

] <./Graphics/StaggeredMesh.png, id=2146, 72.9927pt x 208.49895pt>
File: ./Graphics/StaggeredMesh.png Graphic file (type png)

<use ./Graphics/StaggeredMesh.png>
Package pdftex.def Info: ./Graphics/StaggeredMesh.png used on input line 26.
(pdftex.def)             Requested size: 55.66435pt x 158.99377pt.
 <./Graphics/CollocatedMesh.png, id=2147, 45.5301pt x 178.5069pt>
File: ./Graphics/CollocatedMesh.png Graphic file (type png)

<use ./Graphics/CollocatedMesh.png>
Package pdftex.def Info: ./Graphics/CollocatedMesh.png used on input line 26.
(pdftex.def)             Requested size: 40.5543pt x 158.99377pt.
File: ./Graphics/Picture1.png Graphic file (type png)
 <use ./Graphics/Picture1.png>
Package pdftex.def Info: ./Graphics/Picture1.png used on input line 26.
(pdftex.def)             Requested size: 24.86043pt x 39.31418pt.
 [46

 <C:/Projects/Dissertation/Presentation/Graphics/StaggeredMesh.png> <C:/Projects/Dissertation/Presentation/Graphics/Coll
ocatedMesh.png>]
File: ./Graphics/StaggeredMesh.png Graphic file (type png)

<use ./Graphics/StaggeredMesh.png>
Package pdftex.def Info: ./Graphics/StaggeredMesh.png used on input line 52.
(pdftex.def)             Requested size: 55.66435pt x 158.99377pt.
 <./Graphics/NonrigorousMesh.png, id=2167, 371.82915pt x 353.4003pt>
File: ./Graphics/NonrigorousMesh.png Graphic file (type png)

<use ./Graphics/NonrigorousMesh.png>
Package pdftex.def Info: ./Graphics/NonrigorousMesh.png used on input line 52.
(pdftex.def)             Requested size: 120.84303pt x 114.85373pt.
File: ./Graphics/Picture1.png Graphic file (type png)
 <use ./Graphics/Picture1.png>
Package pdftex.def Info: ./Graphics/Picture1.png used on input line 52.
(pdftex.def)             Requested size: 24.86043pt x 39.31418pt.
 [47

 <C:/Projects/Dissertation/Presentation/Graphics/NonrigorousMesh.png>] <./Graphics/AcousticSpeedVsMaterialSpeed.png, id=
2186, 2759.30875pt x 2204.235pt>
File: ./Graphics/AcousticSpeedVsMaterialSpeed.png Graphic file (type png)

<use ./Graphics/AcousticSpeedVsMaterialSpeed.png>
Package pdftex.def Info: ./Graphics/AcousticSpeedVsMaterialSpeed.png used on input line 64.
(pdftex.def)             Requested size: 199.02374pt x 158.99377pt.
File: ./Graphics/Picture1.png Graphic file (type png)
 <use ./Graphics/Picture1.png>
Package pdftex.def Info: ./Graphics/Picture1.png used on input line 64.
(pdftex.def)             Requested size: 24.86043pt x 39.31418pt.
 [48

 <C:/Projects/Dissertation/Presentation/Graphics/AcousticSpeedVsMaterialSpeed.png (PNG copy)>]
<./Graphics/ComputationalGeometry.png, id=2204, 444.2196pt x 685.1196pt>
File: ./Graphics/ComputationalGeometry.png Graphic file (type png)
 <use ./Graphics/ComputationalGeometry.png>
Package pdftex.def Info: ./Graphics/ComputationalGeometry.png used on input line 76.
(pdftex.def)             Requested size: 103.08342pt x 158.99377pt.
File: ./Graphics/Picture1.png Graphic file (type png)

<use ./Graphics/Picture1.png>
Package pdftex.def Info: ./Graphics/Picture1.png used on input line 76.
(pdftex.def)             Requested size: 24.86043pt x 39.31418pt.
 [49

 <C:/Projects/Dissertation/Presentation/Graphics/ComputationalGeometry.png>]
<./Graphics/InteEnergyVsDensity.png, id=2224, 2682.02pt x 2179.14125pt>
File: ./Graphics/InteEnergyVsDensity.png Graphic file (type png)
 <use ./Graphics/InteEnergyVsDensity.png>
Package pdftex.def Info: ./Graphics/InteEnergyVsDensity.png used on input line 88.
(pdftex.def)             Requested size: 195.65897pt x 158.99377pt.
LaTeX Font Info:    External font `lmex10' loaded for size
(Font)              <14.4> on input line 88.
LaTeX Font Info:    Font shape `T1/lmss/m/it' in size <14.4> not available
(Font)              Font shape `T1/lmss/m/sl' tried instead on input line 88.
File: ./Graphics/Picture1.png Graphic file (type png)

<use ./Graphics/Picture1.png>
Package pdftex.def Info: ./Graphics/Picture1.png used on input line 88.
(pdftex.def)             Requested size: 24.86043pt x 39.31418pt.
 [50

 <C:/Projects/Dissertation/Presentation/Graphics/InteEnergyVsDensity.png (PNG copy)>]
<./Graphics/LinearlyStableNonlinearlyUnstable.png, id=2244, 722.7pt x 360.34625pt>
File: ./Graphics/LinearlyStableNonlinearlyUnstable.png Graphic file (type png)

<use ./Graphics/LinearlyStableNonlinearlyUnstable.png>
Package pdftex.def Info: ./Graphics/LinearlyStableNonlinearlyUnstable.png used on input line 116.
(pdftex.def)             Requested size: 131.88889pt x 65.76596pt.

Overfull \hbox (8.97482pt too wide) in paragraph at lines 116--116
 [] 
 []

<./Graphics/LinearlyUnstableNonlinearlyStable.png, id=2245, 722.7pt x 351.3125pt>
File: ./Graphics/LinearlyUnstableNonlinearlyStable.png Graphic file (type png)

<use ./Graphics/LinearlyUnstableNonlinearlyStable.png>
Package pdftex.def Info: ./Graphics/LinearlyUnstableNonlinearlyStable.png used on input line 116.
(pdftex.def)             Requested size: 123.38669pt x 59.98422pt.
File: ./Graphics/Picture1.png Graphic file (type png)
 <use ./Graphics/Picture1.png>
Package pdftex.def Info: ./Graphics/Picture1.png used on input line 116.
(pdftex.def)             Requested size: 24.86043pt x 39.31418pt.
 [51

 <C:/Projects/Dissertation/Presentation/Graphics/LinearlyStableNonlinearlyUnstable.png> <C:/Projects/Dissertation/Presen
tation/Graphics/LinearlyUnstableNonlinearlyStable.png>] <./Graphics/MassRateFor4days.png, id=2263, 2680.0125pt x 2176.13
pt>
File: ./Graphics/MassRateFor4days.png Graphic file (type png)

<use ./Graphics/MassRateFor4days.png>
Package pdftex.def Info: ./Graphics/MassRateFor4days.png used on input line 129.
(pdftex.def)             Requested size: 213.58751pt x 173.44756pt.

Overfull \vbox (1.3283pt too high) detected at line 129
 []

File: ./Graphics/Picture1.png Graphic file (type png)
<use ./Graphics/Picture1.png>
Package pdftex.def Info: ./Graphics/Picture1.png used on input line 129.
(pdftex.def)             Requested size: 24.86043pt x 39.31418pt.
 [52

 <C:/Projects/Dissertation/Presentation/Graphics/MassRateFor4days.png (PNG copy)>]
File: ./Graphics/Picture1.png Graphic file (type png)

<use ./Graphics/Picture1.png>
Package pdftex.def Info: ./Graphics/Picture1.png used on input line 161.
(pdftex.def)             Requested size: 24.86043pt x 39.31418pt.
 [53

])
\tf@nav=\write6
\tf@toc=\write7
\tf@snm=\write8
Package atveryend Info: Empty hook `BeforeClearDocument' on input line 668.
Package atveryend Info: Empty hook `AfterLastShipout' on input line 668.
 (C:\Projects\Dissertation\Presentation\_Prelim.aux)
Package atveryend Info: Executing hook `AtVeryEndDocument' on input line 668.
Package atveryend Info: Executing hook `AtEndAfterFileList' on input line 668.
Package rerunfilecheck Info: File `_Prelim.out' has not changed.
(rerunfilecheck)             Checksum: 4C231B20ACAAF5363310C8F2C56DF16E;688.
 ) 
Here is how much of TeX's memory you used:
 17339 strings out of 494045
 322016 string characters out of 3145951
 431461 words of memory out of 3000000
 19960 multiletter control sequences out of 15000+200000
 81228 words of font info for 72 fonts, out of 3000000 for 9000
 715 hyphenation exceptions out of 8191
 55i,22n,59p,435b,771s stack positions out of 5000i,500n,10000p,200000b,50000s
{C:/Program Files (x86)/MiKTeX 2.9/fonts/enc/dvips/lm/lm-mathit.enc}{C:/Program Files (x86)/MiKTeX 2.9/fonts/enc/dvips
/lm/lm-ec.enc}{C:/Program Files (x86)/MiKTeX 2.9/fonts/enc/dvips/lm/lm-mathsy.enc}{C:/Program Files (x86)/MiKTeX 2.9/fon
ts/enc/dvips/lm/lm-mathex.enc}{C:/Program Files (x86)/MiKTeX 2.9/fonts/enc/dvips/lm/lm-ts1.enc}<C:/Program Files (x86)/M
iKTeX 2.9/fonts/type1/public/amsfonts/cm/cmss10.pfb><C:/Program Files (x86)/MiKTeX 2.9/fonts/type1/public/amsfonts/cm/cm
ss8.pfb><C:/Program Files (x86)/MiKTeX 2.9/fonts/type1/public/amsfonts/cm/cmss9.pfb><C:/Program Files (x86)/MiKTeX 2.9/f
onts/type1/public/lm/lmex10.pfb><C:/Program Files (x86)/MiKTeX 2.9/fonts/type1/public/lm/lmmi10.pfb><C:/Program Files (x
86)/MiKTeX 2.9/fonts/type1/public/lm/lmmi12.pfb><C:/Program Files (x86)/MiKTeX 2.9/fonts/type1/public/lm/lmmi7.pfb><C:/P
rogram Files (x86)/MiKTeX 2.9/fonts/type1/public/lm/lmr10.pfb><C:/Program Files (x86)/MiKTeX 2.9/fonts/type1/public/lm/l
mss10.pfb><C:/Program Files (x86)/MiKTeX 2.9/fonts/type1/public/lm/lmss12.pfb><C:/Program Files (x86)/MiKTeX 2.9/fonts/t
ype1/public/lm/lmss8.pfb><C:/Program Files (x86)/MiKTeX 2.9/fonts/type1/public/lm/lmss9.pfb><C:/Program Files (x86)/MiKT
eX 2.9/fonts/type1/public/lm/lmssbx10.pfb><C:/Program Files (x86)/MiKTeX 2.9/fonts/type1/public/lm/lmsso10.pfb><C:/Progr
am Files (x86)/MiKTeX 2.9/fonts/type1/public/lm/lmsso12.pfb><C:/Program Files (x86)/MiKTeX 2.9/fonts/type1/public/lm/lms
so8.pfb><C:/Program Files (x86)/MiKTeX 2.9/fonts/type1/public/lm/lmsso9.pfb><C:/Program Files (x86)/MiKTeX 2.9/fonts/typ
e1/public/lm/lmsy10.pfb><C:/Program Files (x86)/MiKTeX 2.9/fonts/type1/public/lm/lmsy7.pfb><C:/Program Files (x86)/MiKTe
X 2.9/fonts/type1/public/amsfonts/symbols/msbm10.pfb>
Output written on _Prelim.pdf (53 pages, 2070286 bytes).
PDF statistics:
 2410 PDF objects out of 2487 (max. 8388607)
 184 named destinations out of 1000 (max. 500000)
 224 words of extra memory for PDF output out of 10000 (max. 10000000)

